#
# There is insufficient memory for the Java Runtime Environment to continue.
# Native memory allocation (mmap) failed to map 147849216 bytes for committing reserved memory.
# Possible reasons:
#   The system is out of physical RAM or swap space
#   The process is running with CompressedOops enabled, and the Java Heap may be blocking the growth of the native heap
# Possible solutions:
#   Reduce memory load on the system
#   Increase physical memory or swap space
#   Check if swap backing store is full
#   Decrease Java heap size (-Xmx/-Xms)
#   Decrease number of Java threads
#   Decrease Java thread stack sizes (-Xss)
#   Set larger code cache with -XX:ReservedCodeCacheSize=
#   JVM is running with Unscaled Compressed Oops mode in which the Java heap is
#     placed in the first 4GB address space. The Java Heap base address is the
#     maximum limit for the native heap growth. Please use -XX:HeapBaseMinAddress
#     to set the Java Heap base and to place the Java Heap above 4GB virtual address.
# This output file may be truncated or incomplete.
#
#  Out of Memory Error (os_linux.cpp:2754), pid=9962, tid=0x00007f0280bfb700
#
# JRE version: OpenJDK Runtime Environment (8.0_242) (build 1.8.0_242-release-1644-b3-6222593)
# Java VM: OpenJDK 64-Bit Server VM (25.242-b3-6222593 mixed mode linux-amd64 compressed oops)
# Failed to write core dump. Core dumps have been disabled. To enable core dumping, try "ulimit -c unlimited" before starting Java again
#

---------------  T H R E A D  ---------------

Current thread (0x00007f0298078800):  VMThread [stack: 0x00007f0280afb000,0x00007f0280bfc000] [id=9974]

Stack: [0x00007f0280afb000,0x00007f0280bfc000],  sp=0x00007f0280bfa4a0,  free space=1021k
Native frames: (J=compiled Java code, j=interpreted, Vv=VM code, C=native code)
V  [libjvm.so+0xa1317d]  VMError::report_and_die()+0x15d
V  [libjvm.so+0x4d7bca]  report_vm_out_of_memory(char const*, int, unsigned long, VMErrorType, char const*)+0x8a
V  [libjvm.so+0x878fb8]  os::pd_commit_memory(char*, unsigned long, unsigned long, bool)+0xd8
V  [libjvm.so+0x87088f]  os::commit_memory(char*, unsigned long, unsigned long, bool)+0x1f
V  [libjvm.so+0x8ea5fb]  PSVirtualSpace::expand_by(unsigned long)+0x5b
V  [libjvm.so+0x8eb250]  PSYoungGen::resize_generation(unsigned long, unsigned long)+0xb0
V  [libjvm.so+0x8eb56b]  PSYoungGen::resize(unsigned long, unsigned long)+0x1b
V  [libjvm.so+0x8e7cc8]  PSScavenge::invoke_no_policy()+0xdb8
V  [libjvm.so+0x8e17a0]  PSParallelCompact::invoke(bool)+0x40
V  [libjvm.so+0x464503]  CollectedHeap::collect_as_vm_thread(GCCause::Cause)+0x143
V  [libjvm.so+0xa14641]  VM_CollectForMetadataAllocation::doit()+0x141
V  [libjvm.so+0xa191b7]  VM_Operation::evaluate()+0x47
V  [libjvm.so+0xa17b98]  VMThread::evaluate_operation(VM_Operation*)+0x218
V  [libjvm.so+0xa17ff9]  VMThread::loop()+0x219
V  [libjvm.so+0xa18453]  VMThread::run()+0x83
V  [libjvm.so+0x8760c2]  java_start(Thread*)+0xf2

VM_Operation (0x00007f024b6ef240): CollectForMetadataAllocation, mode: safepoint, requested by thread 0x00007f023c00c800


---------------  P R O C E S S  ---------------

Java Threads: ( => current thread )
  0x00007f0228478800 JavaThread "Cache worker for file hash cache (/home/zapbuild/AndroidStudioProjects/GoogleSignIb/.gradle/5.6.4/fileHashes)" [_thread_blocked, id=10001, stack(0x00007f024aaf3000,0x00007f024abf4000)]
  0x00007f0228125800 JavaThread "Cache worker for journal cache (/home/zapbuild/.gradle/caches/journal-1)" [_thread_blocked, id=10000, stack(0x00007f024aff4000,0x00007f024b0f5000)]
  0x00007f0228123000 JavaThread "File lock request listener" [_thread_in_native, id=9999, stack(0x00007f024b0f5000,0x00007f024b1f6000)]
  0x00007f022811d000 JavaThread "Cache worker for file hash cache (/home/zapbuild/.gradle/caches/5.6.4/fileHashes)" [_thread_blocked, id=9998, stack(0x00007f024b1f6000,0x00007f024b2f7000)]
  0x00007f022800f800 JavaThread "Thread-9" [_thread_blocked, id=9997, stack(0x00007f024b2f7000,0x00007f024b3f8000)]
  0x00007f0228008800 JavaThread "Stdin handler" [_thread_blocked, id=9996, stack(0x00007f024b3f8000,0x00007f024b4f9000)]
  0x00007f0228007000 JavaThread "Asynchronous log dispatcher for DefaultDaemonConnection: socket connection from /127.0.0.1:35855 to /127.0.0.1:56238" [_thread_blocked, id=9995, stack(0x00007f024b4f9000,0x00007f024b5fa000)]
  0x00007f023c00c800 JavaThread "Daemon worker" [_thread_blocked, id=9992, stack(0x00007f024b5fa000,0x00007f024b6fb000)]
  0x00007f023c008800 JavaThread "Cancel handler" [_thread_blocked, id=9991, stack(0x00007f024b6fb000,0x00007f024b7fc000)]
  0x00007f023c003800 JavaThread "Handler for socket connection from /127.0.0.1:35855 to /127.0.0.1:56238" [_thread_in_native, id=9990, stack(0x00007f024b9fc000,0x00007f024bafd000)]
  0x00007f0240033000 JavaThread "Daemon" [_thread_blocked, id=9989, stack(0x00007f024bafd000,0x00007f024bbfe000)]
  0x00007f02991fb000 JavaThread "Daemon periodic checks" [_thread_blocked, id=9988, stack(0x00007f024bbfe000,0x00007f024bcff000)]
  0x00007f02991db800 JavaThread "Incoming local TCP Connector on port 35855" [_thread_in_native, id=9987, stack(0x00007f024bcff000,0x00007f024be00000)]
  0x00007f0298273000 JavaThread "Daemon health stats" [_thread_blocked, id=9986, stack(0x00007f0278099000,0x00007f027819a000)]
  0x00007f02980c8800 JavaThread "Service Thread" daemon [_thread_blocked, id=9981, stack(0x00007f028011c000,0x00007f028021d000)]
  0x00007f02980bd800 JavaThread "C1 CompilerThread2" daemon [_thread_blocked, id=9980, stack(0x00007f028021d000,0x00007f028031e000)]
  0x00007f02980bb800 JavaThread "C2 CompilerThread1" daemon [_thread_blocked, id=9979, stack(0x00007f028031e000,0x00007f028041f000)]
  0x00007f02980b9000 JavaThread "C2 CompilerThread0" daemon [_thread_blocked, id=9978, stack(0x00007f028041f000,0x00007f0280520000)]
  0x00007f02980b7800 JavaThread "Signal Dispatcher" daemon [_thread_blocked, id=9977, stack(0x00007f0280520000,0x00007f0280621000)]
  0x00007f0298086800 JavaThread "Finalizer" daemon [_thread_blocked, id=9976, stack(0x00007f02808f9000,0x00007f02809fa000)]
  0x00007f0298082000 JavaThread "Reference Handler" daemon [_thread_blocked, id=9975, stack(0x00007f02809fa000,0x00007f0280afb000)]
  0x00007f029800b000 JavaThread "main" [_thread_blocked, id=9966, stack(0x00007f029faf1000,0x00007f029fbf2000)]

Other Threads:
=>0x00007f0298078800 VMThread [stack: 0x00007f0280afb000,0x00007f0280bfc000] [id=9974]
  0x00007f02980cb000 WatcherThread [stack: 0x00007f028001b000,0x00007f028011c000] [id=9982]

VM state:at safepoint (normal execution)

VM Mutex/Monitor currently owned by a thread:  ([mutex/lock_event])
[0x00007f02980070a0] Threads_lock - owner thread: 0x00007f0298078800
[0x00007f02980075a0] Heap_lock - owner thread: 0x00007f023c00c800

heap address: 0x00000000a0000000, size: 1536 MB, Compressed Oops mode: 32-bit
Narrow klass base: 0x0000000000000000, Narrow klass shift: 3
Compressed class space size: 1073741824 Address: 0x0000000100000000

Heap:
 PSYoungGen      total 132096K, used 5104K [0x00000000e0000000, 0x00000000e8600000, 0x0000000100000000)
  eden space 126976K, 0% used [0x00000000e0000000,0x00000000e0000000,0x00000000e7c00000)
  from space 5120K, 99% used [0x00000000e7c00000,0x00000000e80fc050,0x00000000e8100000)
  to   space 5120K, 0% used [0x00000000e8100000,0x00000000e8100000,0x00000000e8600000)
 ParOldGen       total 84992K, used 12199K [0x00000000a0000000, 0x00000000a5300000, 0x00000000e0000000)
  object space 84992K, 14% used [0x00000000a0000000,0x00000000a0be9cb0,0x00000000a5300000)
 Metaspace       used 20541K, capacity 21134K, committed 21296K, reserved 1067008K
  class space    used 2984K, capacity 3174K, committed 3200K, reserved 1048576K

Card table byte_map: [0x00007f029d0bf000,0x00007f029d3c0000] byte_map_base: 0x00007f029cbbf000

Marking Bits: (ParMarkBitMap*) 0x00007f029f1e67e0
 Begin Bits: [0x00007f0281000000, 0x00007f0282800000)
 End Bits:   [0x00007f0282800000, 0x00007f0284000000)

Polling page: 0x00007f029fc14000

CodeCache: size=245760Kb used=5439Kb max_used=5443Kb free=240320Kb
 bounds [0x00007f0289000000, 0x00007f0289560000, 0x00007f0298000000]
 total_blobs=2048 nmethods=1642 adapters=320
 compilation: enabled

Compilation events (10 events):
Event: 23.625 Thread 0x00007f02980b9000 1793  s    4       java.lang.StringBuffer::toString (36 bytes)
Event: 23.638 Thread 0x00007f02980bb800 1794  s!   4       sun.misc.URLClassPath::getLoader (243 bytes)
Event: 23.639 Thread 0x00007f02980b9000 nmethod 1793 0x00007f02895481d0 code [0x00007f0289548340, 0x00007f02895488d8]
Event: 23.640 Thread 0x00007f02980b9000 1795  s    4       sun.misc.URLClassPath::getNextLoader (88 bytes)
Event: 23.643 Thread 0x00007f02980bd800 1797       3       org.codehaus.groovy.reflection.GeneratedMetaMethod$DgmMethodRecord::<init> (5 bytes)
Event: 23.644 Thread 0x00007f02980bd800 nmethod 1797 0x00007f028954b8d0 code [0x00007f028954ba40, 0x00007f028954bbf0]
Event: 23.654 Thread 0x00007f02980bd800 1799       3       java.lang.String::regionMatches (149 bytes)
Event: 23.656 Thread 0x00007f02980bd800 nmethod 1799 0x00007f028954a010 code [0x00007f028954a280, 0x00007f028954af38]
Event: 23.693 Thread 0x00007f02980bd800 1801       3       java.util.Stack::empty (13 bytes)
Event: 23.693 Thread 0x00007f02980bd800 nmethod 1801 0x00007f0289549a10 code [0x00007f0289549b80, 0x00007f0289549f50]

GC Heap History (9 events):
Event: 4.880 GC heap before
{Heap before GC invocations=1 (full 0):
 PSYoungGen      total 36864K, used 31744K [0x00000000e0000000, 0x00000000e2900000, 0x0000000100000000)
  eden space 31744K, 100% used [0x00000000e0000000,0x00000000e1f00000,0x00000000e1f00000)
  from space 5120K, 0% used [0x00000000e2400000,0x00000000e2400000,0x00000000e2900000)
  to   space 5120K, 0% used [0x00000000e1f00000,0x00000000e1f00000,0x00000000e2400000)
 ParOldGen       total 84992K, used 0K [0x00000000a0000000, 0x00000000a5300000, 0x00000000e0000000)
  object space 84992K, 0% used [0x00000000a0000000,0x00000000a0000000,0x00000000a5300000)
 Metaspace       used 7035K, capacity 7268K, committed 7424K, reserved 1056768K
  class space    used 862K, capacity 940K, committed 1024K, reserved 1048576K
Event: 5.075 GC heap after
Heap after GC invocations=1 (full 0):
 PSYoungGen      total 36864K, used 4218K [0x00000000e0000000, 0x00000000e4800000, 0x0000000100000000)
  eden space 31744K, 0% used [0x00000000e0000000,0x00000000e0000000,0x00000000e1f00000)
  from space 5120K, 82% used [0x00000000e1f00000,0x00000000e231eb68,0x00000000e2400000)
  to   space 5120K, 0% used [0x00000000e4300000,0x00000000e4300000,0x00000000e4800000)
 ParOldGen       total 84992K, used 8K [0x00000000a0000000, 0x00000000a5300000, 0x00000000e0000000)
  object space 84992K, 0% used [0x00000000a0000000,0x00000000a0002000,0x00000000a5300000)
 Metaspace       used 7035K, capacity 7268K, committed 7424K, reserved 1056768K
  class space    used 862K, capacity 940K, committed 1024K, reserved 1048576K
}
Event: 10.308 GC heap before
{Heap before GC invocations=2 (full 0):
 PSYoungGen      total 36864K, used 35962K [0x00000000e0000000, 0x00000000e4800000, 0x0000000100000000)
  eden space 31744K, 100% used [0x00000000e0000000,0x00000000e1f00000,0x00000000e1f00000)
  from space 5120K, 82% used [0x00000000e1f00000,0x00000000e231eb68,0x00000000e2400000)
  to   space 5120K, 0% used [0x00000000e4300000,0x00000000e4300000,0x00000000e4800000)
 ParOldGen       total 84992K, used 8K [0x00000000a0000000, 0x00000000a5300000, 0x00000000e0000000)
  object space 84992K, 0% used [0x00000000a0000000,0x00000000a0002000,0x00000000a5300000)
 Metaspace       used 7673K, capacity 7966K, committed 8320K, reserved 1056768K
  class space    used 971K, capacity 1045K, committed 1152K, reserved 1048576K
Event: 10.327 GC heap after
Heap after GC invocations=2 (full 0):
 PSYoungGen      total 68608K, used 3777K [0x00000000e0000000, 0x00000000e4800000, 0x0000000100000000)
  eden space 63488K, 0% used [0x00000000e0000000,0x00000000e0000000,0x00000000e3e00000)
  from space 5120K, 73% used [0x00000000e4300000,0x00000000e46b04f0,0x00000000e4800000)
  to   space 5120K, 0% used [0x00000000e3e00000,0x00000000e3e00000,0x00000000e4300000)
 ParOldGen       total 84992K, used 16K [0x00000000a0000000, 0x00000000a5300000, 0x00000000e0000000)
  object space 84992K, 0% used [0x00000000a0000000,0x00000000a0004000,0x00000000a5300000)
 Metaspace       used 7673K, capacity 7966K, committed 8320K, reserved 1056768K
  class space    used 971K, capacity 1045K, committed 1152K, reserved 1048576K
}
Event: 17.528 GC heap before
{Heap before GC invocations=3 (full 0):
 PSYoungGen      total 68608K, used 67265K [0x00000000e0000000, 0x00000000e4800000, 0x0000000100000000)
  eden space 63488K, 100% used [0x00000000e0000000,0x00000000e3e00000,0x00000000e3e00000)
  from space 5120K, 73% used [0x00000000e4300000,0x00000000e46b04f0,0x00000000e4800000)
  to   space 5120K, 0% used [0x00000000e3e00000,0x00000000e3e00000,0x00000000e4300000)
 ParOldGen       total 84992K, used 16K [0x00000000a0000000, 0x00000000a5300000, 0x00000000e0000000)
  object space 84992K, 0% used [0x00000000a0000000,0x00000000a0004000,0x00000000a5300000)
 Metaspace       used 14488K, capacity 14886K, committed 15232K, reserved 1062912K
  class space    used 2036K, capacity 2131K, committed 2176K, reserved 1048576K
Event: 17.551 GC heap after
Heap after GC invocations=3 (full 0):
 PSYoungGen      total 68608K, used 5088K [0x00000000e0000000, 0x00000000e8600000, 0x0000000100000000)
  eden space 63488K, 0% used [0x00000000e0000000,0x00000000e0000000,0x00000000e3e00000)
  from space 5120K, 99% used [0x00000000e3e00000,0x00000000e42f8030,0x00000000e4300000)
  to   space 5120K, 0% used [0x00000000e8100000,0x00000000e8100000,0x00000000e8600000)
 ParOldGen       total 84992K, used 4377K [0x00000000a0000000, 0x00000000a5300000, 0x00000000e0000000)
  object space 84992K, 5% used [0x00000000a0000000,0x00000000a04467c0,0x00000000a5300000)
 Metaspace       used 14488K, capacity 14886K, committed 15232K, reserved 1062912K
  class space    used 2036K, capacity 2131K, committed 2176K, reserved 1048576K
}
Event: 23.658 GC heap before
{Heap before GC invocations=4 (full 0):
 PSYoungGen      total 68608K, used 68576K [0x00000000e0000000, 0x00000000e8600000, 0x0000000100000000)
  eden space 63488K, 100% used [0x00000000e0000000,0x00000000e3e00000,0x00000000e3e00000)
  from space 5120K, 99% used [0x00000000e3e00000,0x00000000e42f8030,0x00000000e4300000)
  to   space 5120K, 0% used [0x00000000e8100000,0x00000000e8100000,0x00000000e8600000)
 ParOldGen       total 84992K, used 4377K [0x00000000a0000000, 0x00000000a5300000, 0x00000000e0000000)
  object space 84992K, 5% used [0x00000000a0000000,0x00000000a04467e0,0x00000000a5300000)
 Metaspace       used 20426K, capacity 20974K, committed 21120K, reserved 1067008K
  class space    used 2965K, capacity 3142K, committed 3200K, reserved 1048576K
Event: 23.674 GC heap after
Heap after GC invocations=4 (full 0):
 PSYoungGen      total 132096K, used 5108K [0x00000000e0000000, 0x00000000e8600000, 0x0000000100000000)
  eden space 126976K, 0% used [0x00000000e0000000,0x00000000e0000000,0x00000000e7c00000)
  from space 5120K, 99% used [0x00000000e8100000,0x00000000e85fd050,0x00000000e8600000)
  to   space 5120K, 0% used [0x00000000e7c00000,0x00000000e7c00000,0x00000000e8100000)
 ParOldGen       total 84992K, used 12107K [0x00000000a0000000, 0x00000000a5300000, 0x00000000e0000000)
  object space 84992K, 14% used [0x00000000a0000000,0x00000000a0bd2ec0,0x00000000a5300000)
 Metaspace       used 20426K, capacity 20974K, committed 21120K, reserved 1067008K
  class space    used 2965K, capacity 3142K, committed 3200K, reserved 1048576K
}
Event: 23.722 GC heap before
{Heap before GC invocations=5 (full 0):
 PSYoungGen      total 132096K, used 7267K [0x00000000e0000000, 0x00000000e8600000, 0x0000000100000000)
  eden space 126976K, 1% used [0x00000000e0000000,0x00000000e021bf08,0x00000000e7c00000)
  from space 5120K, 99% used [0x00000000e8100000,0x00000000e85fd050,0x00000000e8600000)
  to   space 5120K, 0% used [0x00000000e7c00000,0x00000000e7c00000,0x00000000e8100000)
 ParOldGen       total 84992K, used 12107K [0x00000000a0000000, 0x00000000a5300000, 0x00000000e0000000)
  object space 84992K, 14% used [0x00000000a0000000,0x00000000a0bd2ec0,0x00000000a5300000)
 Metaspace       used 20541K, capacity 21134K, committed 21296K, reserved 1067008K
  class space    used 2984K, capacity 3174K, committed 3200K, reserved 1048576K

Deoptimization events (10 events):
Event: 21.722 Thread 0x00007f023c00c800 Uncommon trap: reason=bimorphic action=maybe_recompile pc=0x00007f0289142d4c method=java.lang.ClassLoader.loadClass(Ljava/lang/String;Z)Ljava/lang/Class; @ 38
Event: 23.478 Thread 0x00007f023c00c800 Uncommon trap: reason=unstable_if action=reinterpret pc=0x00007f0289245e9c method=java.io.UnixFileSystem.normalize(Ljava/lang/String;)Ljava/lang/String; @ 60
Event: 23.479 Thread 0x00007f023c00c800 Uncommon trap: reason=class_check action=maybe_recompile pc=0x00007f02891e08b8 method=sun.misc.URLClassPath.getLoader(I)Lsun/misc/URLClassPath$Loader; @ 94
Event: 23.479 Thread 0x00007f023c00c800 Uncommon trap: reason=class_check action=maybe_recompile pc=0x00007f02893226ac method=sun.misc.URLClassPath.getResource(Ljava/lang/String;Z)Lsun/misc/Resource; @ 62
Event: 23.479 Thread 0x00007f023c00c800 Uncommon trap: reason=unstable_if action=reinterpret pc=0x00007f0289164ac0 method=java.lang.String.regionMatches(ZILjava/lang/String;II)Z @ 41
Event: 23.491 Thread 0x00007f023c00c800 Uncommon trap: reason=unstable_if action=reinterpret pc=0x00007f02894fecdc method=java.lang.ClassLoader.getClassLoadingLock(Ljava/lang/String;)Ljava/lang/Object; @ 6
Event: 23.642 Thread 0x00007f023c00c800 Uncommon trap: reason=bimorphic action=maybe_recompile pc=0x00007f02893ac9e0 method=java.io.BufferedInputStream.read([BII)I @ 101
Event: 23.643 Thread 0x00007f023c00c800 Uncommon trap: reason=bimorphic action=maybe_recompile pc=0x00007f02893ac9e0 method=java.io.BufferedInputStream.read([BII)I @ 101
Event: 23.645 Thread 0x00007f023c00c800 Uncommon trap: reason=bimorphic action=maybe_recompile pc=0x00007f02893ac9e0 method=java.io.BufferedInputStream.read([BII)I @ 101
Event: 23.646 Thread 0x00007f023c00c800 Uncommon trap: reason=bimorphic action=maybe_recompile pc=0x00007f02893ac9e0 method=java.io.BufferedInputStream.read([BII)I @ 101

Classes redefined (0 events):
No events

Internal exceptions (10 events):
Event: 22.874 Thread 0x00007f023c00c800 Exception <a 'java/lang/NoSuchMethodError': <clinit>> (0x00000000e2f4dcd0) thrown at [/buildbot/src/googleplex-android/openjdk/out/hotspot/src/share/vm/prims/jni.cpp, line 1615]
Event: 22.875 Thread 0x00007f023c00c800 Exception <a 'java/lang/NoSuchMethodError': <clinit>> (0x00000000e2f57220) thrown at [/buildbot/src/googleplex-android/openjdk/out/hotspot/src/share/vm/prims/jni.cpp, line 1615]
Event: 22.875 Thread 0x00007f023c00c800 Exception <a 'java/lang/NoSuchMethodError': <clinit>> (0x00000000e2f60838) thrown at [/buildbot/src/googleplex-android/openjdk/out/hotspot/src/share/vm/prims/jni.cpp, line 1615]
Event: 22.882 Thread 0x00007f023c00c800 Exception <a 'java/lang/NoSuchMethodError': <clinit>> (0x00000000e3034150) thrown at [/buildbot/src/googleplex-android/openjdk/out/hotspot/src/share/vm/prims/jni.cpp, line 1615]
Event: 22.882 Thread 0x00007f023c00c800 Exception <a 'java/lang/NoSuchMethodError': <clinit>> (0x00000000e30381f8) thrown at [/buildbot/src/googleplex-android/openjdk/out/hotspot/src/share/vm/prims/jni.cpp, line 1615]
Event: 22.883 Thread 0x00007f023c00c800 Exception <a 'java/lang/NoSuchMethodError': <clinit>> (0x00000000e3039b30) thrown at [/buildbot/src/googleplex-android/openjdk/out/hotspot/src/share/vm/prims/jni.cpp, line 1615]
Event: 22.883 Thread 0x00007f023c00c800 Exception <a 'java/lang/NoSuchMethodError': <clinit>> (0x00000000e303b1c8) thrown at [/buildbot/src/googleplex-android/openjdk/out/hotspot/src/share/vm/prims/jni.cpp, line 1615]
Event: 22.883 Thread 0x00007f023c00c800 Exception <a 'java/lang/NoSuchMethodError': <clinit>> (0x00000000e303cab0) thrown at [/buildbot/src/googleplex-android/openjdk/out/hotspot/src/share/vm/prims/jni.cpp, line 1615]
Event: 22.883 Thread 0x00007f023c00c800 Exception <a 'java/lang/NoSuchMethodError': <clinit>> (0x00000000e303e060) thrown at [/buildbot/src/googleplex-android/openjdk/out/hotspot/src/share/vm/prims/jni.cpp, line 1615]
Event: 22.883 Thread 0x00007f023c00c800 Exception <a 'java/lang/NoSuchMethodError': <clinit>> (0x00000000e303f4b0) thrown at [/buildbot/src/googleplex-android/openjdk/out/hotspot/src/share/vm/prims/jni.cpp, line 1615]

Events (10 events):
Event: 23.705 loading class java/util/Optional done
Event: 23.705 loading class org/codehaus/groovy/vmplugin/v8/Java8
Event: 23.705 loading class org/codehaus/groovy/vmplugin/v8/Java8 done
Event: 23.705 loading class org/codehaus/groovy/vmplugin/v7/Java7
Event: 23.705 loading class org/codehaus/groovy/vmplugin/v7/Java7 done
Event: 23.706 loading class org/codehaus/groovy/vmplugin/v6/Java6
Event: 23.706 loading class org/codehaus/groovy/vmplugin/v6/Java6 done
Event: 23.706 loading class org/codehaus/groovy/vmplugin/v5/Java5
Event: 23.706 loading class org/codehaus/groovy/vmplugin/v5/Java5 done
Event: 23.722 Executing VM operation: CollectForMetadataAllocation


Dynamic libraries:
00400000-00401000 r-xp 00000000 08:06 689751                             /opt/android-studio/jre/bin/java
00401000-00402000 r--p 00000000 08:06 689751                             /opt/android-studio/jre/bin/java
00402000-00403000 rw-p 00001000 08:06 689751                             /opt/android-studio/jre/bin/java
01e00000-01e21000 rw-p 00000000 00:00 0                                  [heap]
a0000000-a5300000 rw-p 00000000 00:00 0 
a5300000-e0000000 ---p 00000000 00:00 0 
e0000000-e8600000 rw-p 00000000 00:00 0 
f1300000-100000000 ---p 00000000 00:00 0 
100000000-100320000 rw-p 00000000 00:00 0 
100320000-140000000 ---p 00000000 00:00 0 
7f0210000000-7f0210021000 rw-p 00000000 00:00 0 
7f0210021000-7f0214000000 ---p 00000000 00:00 0 
7f0214000000-7f0214021000 rw-p 00000000 00:00 0 
7f0214021000-7f0218000000 ---p 00000000 00:00 0 
7f0218000000-7f0218021000 rw-p 00000000 00:00 0 
7f0218021000-7f021c000000 ---p 00000000 00:00 0 
7f021c000000-7f021c021000 rw-p 00000000 00:00 0 
7f021c021000-7f0220000000 ---p 00000000 00:00 0 
7f0220000000-7f0220021000 rw-p 00000000 00:00 0 
7f0220021000-7f0224000000 ---p 00000000 00:00 0 
7f0224000000-7f0224021000 rw-p 00000000 00:00 0 
7f0224021000-7f0228000000 ---p 00000000 00:00 0 
7f0228000000-7f022875b000 rw-p 00000000 00:00 0 
7f022875b000-7f022c000000 ---p 00000000 00:00 0 
7f022c000000-7f022c2b8000 rw-p 00000000 00:00 0 
7f022c2b8000-7f0230000000 ---p 00000000 00:00 0 
7f0230000000-7f0230021000 rw-p 00000000 00:00 0 
7f0230021000-7f0234000000 ---p 00000000 00:00 0 
7f0234000000-7f0234021000 rw-p 00000000 00:00 0 
7f0234021000-7f0238000000 ---p 00000000 00:00 0 
7f0238000000-7f0238021000 rw-p 00000000 00:00 0 
7f0238021000-7f023c000000 ---p 00000000 00:00 0 
7f023c000000-7f023c021000 rw-p 00000000 00:00 0 
7f023c021000-7f0240000000 ---p 00000000 00:00 0 
7f0240000000-7f024006f000 rw-p 00000000 00:00 0 
7f024006f000-7f0244000000 ---p 00000000 00:00 0 
7f0244000000-7f0244021000 rw-p 00000000 00:00 0 
7f0244021000-7f0248000000 ---p 00000000 00:00 0 
7f024a0b4000-7f024a0b8000 r--s 0004b000 08:06 143790                     /home/zapbuild/.gradle/caches/jars-3/ecfffba165da9668423eb04209772a23/android-extensions-ide.jar
7f024a0b8000-7f024a0ba000 r--s 00000000 08:06 157334                     /home/zapbuild/.gradle/caches/jars-3/bd3b3942b4c302dd55aecb25c2e78fc3/idea-gradle-tooling-api.jar
7f024a0ba000-7f024a0ec000 r--s 0026d000 08:06 186198                     /home/zapbuild/.gradle/caches/jars-3/009a8bde4a19409138958d32735850a8/guava-27.1-jre.jar
7f024a0ec000-7f024a106000 r--s 002a7000 08:06 143873                     /home/zapbuild/.gradle/caches/jars-3/6d4d04ed0764d34dfa852f0785d704fb/sdk-common.jar
7f024a106000-7f024a130000 r--s 02937000 08:06 143871                     /home/zapbuild/.gradle/caches/jars-3/7447b098c032a753e0126307ee76a9d9/sdk-tools.jar
7f024a130000-7f024a46b000 r--s 04057000 08:06 143870                     /home/zapbuild/.gradle/caches/jars-3/d191991b3cd94ca8451af1b567140eb8/android.jar
7f024a46b000-7f024a46c000 r--s 00000000 08:06 2506172                    /home/zapbuild/.gradle/caches/jars-3/497c99dc43ce8fece95d0e589f2459bd/gradle-appengine-builder-model-0.1.0.jar
7f024a46c000-7f024a480000 r--s 0013d000 08:06 186193                     /home/zapbuild/.gradle/caches/jars-3/d1ab99c475b94d1d9aa4be806ce14b44/kotlin-stdlib-1.3.72.jar
7f024a480000-7f024a495000 r--s 00157000 08:06 157333                     /home/zapbuild/.gradle/caches/jars-3/9363e84c802616e9416ede48934284bf/kotlin-stdlib.jar
7f024a495000-7f024a499000 r--s 0002e000 08:06 157331                     /home/zapbuild/.gradle/caches/jars-3/bc688da0f4e79386873e7a7b144e8059/kotlin-gradle-tooling.jar
7f024a499000-7f024a645000 rw-p 00000000 00:00 0 
7f024a645000-7f024a699000 ---p 00000000 00:00 0 
7f024a699000-7f024a6a0000 r--s 000b4000 08:06 143775                     /home/zapbuild/.gradle/caches/jars-3/e435371560d53d4a4214ac92b5ffdeed/gradle-tooling-extension-impl.jar
7f024a6a0000-7f024a6ab000 r--s 000aa000 08:06 186186                     /home/zapbuild/.gradle/caches/jars-3/2daa8a88fb68b91149a30998d45aa1f5/ion-java-1.5.2-2.jar
7f024a6ab000-7f024a6d3000 r--s 004c2000 08:06 304252                     /home/zapbuild/.gradle/caches/jars-3/22f09e98a6fceebf7775af624c1eb1f0/util.jar
7f024a6d3000-7f024a98a000 r--s 01c2b000 08:06 132246                     /home/zapbuild/.gradle/caches/jars-3/e22071f0f647bfca187dcad0e9b116ad/gradle-api-impldep-5.2.1-sp1.jar
7f024a98a000-7f024aaf3000 r--s 00c5e000 08:06 132245                     /home/zapbuild/.gradle/caches/jars-3/e7cf29ee4e9099e5a486424dcaa09cdf/gradle-api-5.2.1-sp1.jar
7f024aaf3000-7f024aaf6000 ---p 00000000 00:00 0 
7f024aaf6000-7f024adf4000 rw-p 00000000 00:00 0 
7f024adf4000-7f024aff4000 rw-p 00000000 00:00 0 
7f024aff4000-7f024aff7000 ---p 00000000 00:00 0 
7f024aff7000-7f024b0f5000 rw-p 00000000 00:00 0 
7f024b0f5000-7f024b0f8000 ---p 00000000 00:00 0 
7f024b0f8000-7f024b1f6000 rw-p 00000000 00:00 0 
7f024b1f6000-7f024b1f9000 ---p 00000000 00:00 0 
7f024b1f9000-7f024b2f7000 rw-p 00000000 00:00 0 
7f024b2f7000-7f024b2fa000 ---p 00000000 00:00 0 
7f024b2fa000-7f024b3f8000 rw-p 00000000 00:00 0 
7f024b3f8000-7f024b3fb000 ---p 00000000 00:00 0 
7f024b3fb000-7f024b4f9000 rw-p 00000000 00:00 0 
7f024b4f9000-7f024b4fc000 ---p 00000000 00:00 0 
7f024b4fc000-7f024b5fa000 rw-p 00000000 00:00 0 
7f024b5fa000-7f024b5fd000 ---p 00000000 00:00 0 
7f024b5fd000-7f024b6fb000 rw-p 00000000 00:00 0 
7f024b6fb000-7f024b6fe000 ---p 00000000 00:00 0 
7f024b6fe000-7f024b9fc000 rw-p 00000000 00:00 0 
7f024b9fc000-7f024b9ff000 ---p 00000000 00:00 0 
7f024b9ff000-7f024bafd000 rw-p 00000000 00:00 0 
7f024bafd000-7f024bb00000 ---p 00000000 00:00 0 
7f024bb00000-7f024bbfe000 rw-p 00000000 00:00 0 
7f024bbfe000-7f024bc01000 ---p 00000000 00:00 0 
7f024bc01000-7f024bcff000 rw-p 00000000 00:00 0 
7f024bcff000-7f024bd02000 ---p 00000000 00:00 0 
7f024bd02000-7f024c000000 rw-p 00000000 00:00 0 
7f024c000000-7f024c021000 rw-p 00000000 00:00 0 
7f024c021000-7f0250000000 ---p 00000000 00:00 0 
7f0250000000-7f0250021000 rw-p 00000000 00:00 0 
7f0250021000-7f0254000000 ---p 00000000 00:00 0 
7f0254000000-7f025446e000 rw-p 00000000 00:00 0 
7f025446e000-7f0258000000 ---p 00000000 00:00 0 
7f0258000000-7f02583bd000 rw-p 00000000 00:00 0 
7f02583bd000-7f025c000000 ---p 00000000 00:00 0 
7f025c000000-7f025c021000 rw-p 00000000 00:00 0 
7f025c021000-7f0260000000 ---p 00000000 00:00 0 
7f0260000000-7f0261d2a000 rw-p 00000000 00:00 0 
7f0261d2a000-7f0264000000 ---p 00000000 00:00 0 
7f0264000000-7f0264021000 rw-p 00000000 00:00 0 
7f0264021000-7f0268000000 ---p 00000000 00:00 0 
7f0268000000-7f0268021000 rw-p 00000000 00:00 0 
7f0268021000-7f026c000000 ---p 00000000 00:00 0 
7f026c000000-7f026c022000 rw-p 00000000 00:00 0 
7f026c022000-7f0270000000 ---p 00000000 00:00 0 
7f0270000000-7f0270322000 rw-p 00000000 00:00 0 
7f0270322000-7f0274000000 ---p 00000000 00:00 0 
7f0274000000-7f0274021000 rw-p 00000000 00:00 0 
7f0274021000-7f0278000000 ---p 00000000 00:00 0 
7f0278000000-7f0278002000 r--s 00002000 08:06 143566                     /home/zapbuild/.gradle/caches/jars-3/4b43f839e5bcd255d29b06b5798326f0/external-system-rt.jar
7f0278002000-7f027800d000 r--s 00081000 08:06 186184                     /home/zapbuild/.gradle/caches/jars-3/b60b5dd218cf67e8c7a89e4eb4952e61/trove4j.jar
7f027800d000-7f0278013000 r--s 00054000 08:06 143483                     /home/zapbuild/.gradle/caches/jars-3/b1d2d7d2ab9feecc82013422210ba035/gradle-tooling-extension-api.jar
7f0278013000-7f027808d000 r--s 01104000 08:06 689745                     /opt/android-studio/jre/lib/tools.jar
7f027808d000-7f0278094000 r--s 00000000 08:06 1476620                    /usr/lib/x86_64-linux-gnu/gconv/gconv-modules.cache
7f0278094000-7f0278099000 r--s 000a3000 08:06 689896                     /opt/android-studio/jre/jre/lib/jsse.jar
7f0278099000-7f027809c000 ---p 00000000 00:00 0 
7f027809c000-7f027819a000 rw-p 00000000 00:00 0 
7f027819a000-7f02781a2000 r-xp 00000000 08:06 689841                     /opt/android-studio/jre/jre/lib/amd64/libmanagement.so
7f02781a2000-7f02781a3000 r--p 00007000 08:06 689841                     /opt/android-studio/jre/jre/lib/amd64/libmanagement.so
7f02781a3000-7f02781a4000 rw-p 00008000 08:06 689841                     /opt/android-studio/jre/jre/lib/amd64/libmanagement.so
7f02781a4000-7f02781a6000 r--s 0000f000 08:06 937485                     /home/zapbuild/.gradle/wrapper/dists/gradle-5.6.4-all/ankdp27end7byghfw1q2sw75f/gradle-5.6.4/lib/plugins/gradle-tooling-api-builders-5.6.4.jar
7f02781a6000-7f02781a7000 r--s 00005000 08:06 937505                     /home/zapbuild/.gradle/wrapper/dists/gradle-5.6.4-all/ankdp27end7byghfw1q2sw75f/gradle-5.6.4/lib/plugins/gradle-build-profile-5.6.4.jar
7f02781a7000-7f02781a9000 r--s 00003000 08:06 937462                     /home/zapbuild/.gradle/wrapper/dists/gradle-5.6.4-all/ankdp27end7byghfw1q2sw75f/gradle-5.6.4/lib/plugins/gradle-tooling-native-5.6.4.jar
7f02781a9000-7f02781ad000 r--s 00017000 08:06 937464                     /home/zapbuild/.gradle/wrapper/dists/gradle-5.6.4-all/ankdp27end7byghfw1q2sw75f/gradle-5.6.4/lib/plugins/gradle-testing-native-5.6.4.jar
7f02781ad000-7f02781b0000 r--s 00011000 08:06 937578                     /home/zapbuild/.gradle/wrapper/dists/gradle-5.6.4-all/ankdp27end7byghfw1q2sw75f/gradle-5.6.4/lib/plugins/junit-platform-commons-1.3.1.jar
7f02781b0000-7f02781b1000 r--s 00001000 08:06 937580                     /home/zapbuild/.gradle/wrapper/dists/gradle-5.6.4-all/ankdp27end7byghfw1q2sw75f/gradle-5.6.4/lib/plugins/opentest4j-1.1.1.jar
7f02781b1000-7f02781b5000 r--s 0001d000 08:06 937577                     /home/zapbuild/.gradle/wrapper/dists/gradle-5.6.4-all/ankdp27end7byghfw1q2sw75f/gradle-5.6.4/lib/plugins/junit-platform-engine-1.3.1.jar
7f02781b5000-7f02781b6000 r--s 00000000 08:06 937579                     /home/zapbuild/.gradle/wrapper/dists/gradle-5.6.4-all/ankdp27end7byghfw1q2sw75f/gradle-5.6.4/lib/plugins/apiguardian-api-1.0.0.jar
7f02781b6000-7f02781b9000 r--s 00015000 08:06 937541                     /home/zapbuild/.gradle/wrapper/dists/gradle-5.6.4-all/ankdp27end7byghfw1q2sw75f/gradle-5.6.4/lib/plugins/junit-platform-launcher-1.3.1.jar
7f02781b9000-7f02781ba000 r--s 00003000 08:06 937484                     /home/zapbuild/.gradle/wrapper/dists/gradle-5.6.4-all/ankdp27end7byghfw1q2sw75f/gradle-5.6.4/lib/plugins/gradle-testing-junit-platform-5.6.4.jar
7f02781ba000-7f02781c2000 r--s 00048000 08:06 937530                     /home/zapbuild/.gradle/wrapper/dists/gradle-5.6.4-all/ankdp27end7byghfw1q2sw75f/gradle-5.6.4/lib/plugins/bcpg-jdk15on-1.61.jar
7f02781c2000-7f02781c5000 r--s 0000f000 08:06 937461                     /home/zapbuild/.gradle/wrapper/dists/gradle-5.6.4-all/ankdp27end7byghfw1q2sw75f/gradle-5.6.4/lib/plugins/gradle-signing-5.6.4.jar
7f02781c5000-7f02781c7000 r--s 00009000 08:06 937471                     /home/zapbuild/.gradle/wrapper/dists/gradle-5.6.4-all/ankdp27end7byghfw1q2sw75f/gradle-5.6.4/lib/plugins/gradle-scala-5.6.4.jar
7f02781c7000-7f02781c8000 r--s 00004000 08:06 937504                     /home/zapbuild/.gradle/wrapper/dists/gradle-5.6.4-all/ankdp27end7byghfw1q2sw75f/gradle-5.6.4/lib/plugins/gradle-resources-sftp-5.6.4.jar
7f02781c8000-7f02781d1000 r--s 0005b000 08:06 937511                     /home/zapbuild/.gradle/wrapper/dists/gradle-5.6.4-all/ankdp27end7byghfw1q2sw75f/gradle-5.6.4/lib/plugins/aws-java-sdk-kms-1.11.407.jar
7f02781d1000-7f02781d3000 r--s 00005000 08:06 937547                     /home/zapbuild/.gradle/wrapper/dists/gradle-5.6.4-all/ankdp27end7byghfw1q2sw75f/gradle-5.6.4/lib/plugins/jmespath-java-1.11.407.jar
7f02781d3000-7f02781e6000 r--s 000ca000 08:06 937510                     /home/zapbuild/.gradle/wrapper/dists/gradle-5.6.4-all/ankdp27end7byghfw1q2sw75f/gradle-5.6.4/lib/plugins/aws-java-sdk-s3-1.11.407.jar
7f02781e6000-7f02781f0000 r--s 00081000 08:06 937576                     /home/zapbuild/.gradle/wrapper/dists/gradle-5.6.4-all/ankdp27end7byghfw1q2sw75f/gradle-5.6.4/lib/plugins/ion-java-1.0.2.jar
7f02781f0000-7f0278206000 r--s 000ca000 08:06 937512                     /home/zapbuild/.gradle/wrapper/dists/gradle-5.6.4-all/ankdp27end7byghfw1q2sw75f/gradle-5.6.4/lib/plugins/aws-java-sdk-core-1.11.407.jar
7f0278206000-7f0278208000 r--s 00004000 08:06 937500                     /home/zapbuild/.gradle/wrapper/dists/gradle-5.6.4-all/ankdp27end7byghfw1q2sw75f/gradle-5.6.4/lib/plugins/gradle-resources-s3-5.6.4.jar
7f0278208000-7f0278219000 r--s 0008c000 08:06 937551                     /home/zapbuild/.gradle/wrapper/dists/gradle-5.6.4-all/ankdp27end7byghfw1q2sw75f/gradle-5.6.4/lib/plugins/joda-time-2.10.jar
7f0278219000-7f027822b000 r--s 00137000 08:06 937548                     /home/zapbuild/.gradle/wrapper/dists/gradle-5.6.4-all/ankdp27end7byghfw1q2sw75f/gradle-5.6.4/lib/plugins/jackson-databind-2.9.8.jar
7f027822b000-7f027822e000 r--s 0000e000 08:06 937550                     /home/zapbuild/.gradle/wrapper/dists/gradle-5.6.4-all/ankdp27end7byghfw1q2sw75f/gradle-5.6.4/lib/plugins/jackson-annotations-2.9.8.jar
7f027822e000-7f0278232000 r--s 0004c000 08:06 937549                     /home/zapbuild/.gradle/wrapper/dists/gradle-5.6.4-all/ankdp27end7byghfw1q2sw75f/gradle-5.6.4/lib/plugins/jackson-core-2.9.8.jar
7f0278232000-7f0278233000 r--s 00001000 08:06 937516                     /home/zapbuild/.gradle/wrapper/dists/gradle-5.6.4-all/ankdp27end7byghfw1q2sw75f/gradle-5.6.4/lib/plugins/google-http-client-jackson2-1.25.0.jar
7f0278233000-7f027823d000 r--s 00056000 08:06 937517                     /home/zapbuild/.gradle/wrapper/dists/gradle-5.6.4-all/ankdp27end7byghfw1q2sw75f/gradle-5.6.4/lib/plugins/google-http-client-1.25.0.jar
7f027823d000-7f0278240000 r--s 0000d000 08:06 937515                     /home/zapbuild/.gradle/wrapper/dists/gradle-5.6.4-all/ankdp27end7byghfw1q2sw75f/gradle-5.6.4/lib/plugins/google-oauth-client-1.25.0.jar
7f0278240000-7f0278245000 r--s 0002d000 08:06 937514                     /home/zapbuild/.gradle/wrapper/dists/gradle-5.6.4-all/ankdp27end7byghfw1q2sw75f/gradle-5.6.4/lib/plugins/google-api-client-1.25.0.jar
7f0278245000-7f0278249000 r--s 0001d000 08:06 937513                     /home/zapbuild/.gradle/wrapper/dists/gradle-5.6.4-all/ankdp27end7byghfw1q2sw75f/gradle-5.6.4/lib/plugins/google-api-services-storage-v1-rev136-1.25.0.jar
7f0278249000-7f027824b000 r--s 00003000 08:06 937501                     /home/zapbuild/.gradle/wrapper/dists/gradle-5.6.4-all/ankdp27end7byghfw1q2sw75f/gradle-5.6.4/lib/plugins/gradle-resources-gcs-5.6.4.jar
7f027824b000-7f0278251000 r--s 00031000 08:06 937474                     /home/zapbuild/.gradle/wrapper/dists/gradle-5.6.4-all/ankdp27end7byghfw1q2sw75f/gradle-5.6.4/lib/plugins/gradle-platform-play-5.6.4.jar
7f0278251000-7f0278263000 r--s 00078000 08:06 937490                     /home/zapbuild/.gradle/wrapper/dists/gradle-5.6.4-all/ankdp27end7byghfw1q2sw75f/gradle-5.6.4/lib/plugins/gradle-platform-native-5.6.4.jar
7f0278263000-7f0278290000 r--s 0025e000 08:06 937521                     /home/zapbuild/.gradle/wrapper/dists/gradle-5.6.4-all/ankdp27end7byghfw1q2sw75f/gradle-5.6.4/lib/plugins/biz.aQute.bndlib-4.0.0.jar
7f0278290000-7f0278291000 r--s 00004000 08:06 937460                     /home/zapbuild/.gradle/wrapper/dists/gradle-5.6.4-all/ankdp27end7byghfw1q2sw75f/gradle-5.6.4/lib/plugins/gradle-osgi-5.6.4.jar
7f0278291000-7f0278294000 r--s 0000c000 08:06 937483                     /home/zapbuild/.gradle/wrapper/dists/gradle-5.6.4-all/ankdp27end7byghfw1q2sw75f/gradle-5.6.4/lib/plugins/gradle-language-scala-5.6.4.jar
7f0278294000-7f02782a0000 r--s 00054000 08:06 937465                     /home/zapbuild/.gradle/wrapper/dists/gradle-5.6.4-all/ankdp27end7byghfw1q2sw75f/gradle-5.6.4/lib/plugins/gradle-language-native-5.6.4.jar
7f02782a0000-7f02782a7000 r--s 00035000 08:06 937533                     /home/zapbuild/.gradle/wrapper/dists/gradle-5.6.4-all/ankdp27end7byghfw1q2sw75f/gradle-5.6.4/lib/plugins/simple-4.1.21.jar
7f02782a7000-7f02782b4000 r--s 00125000 08:06 937531                     /home/zapbuild/.gradle/wrapper/dists/gradle-5.6.4-all/ankdp27end7byghfw1q2sw75f/gradle-5.6.4/lib/plugins/rhino-1.7.10.jar
7f02782b4000-7f02782b8000 r--s 00012000 08:06 937475                     /home/zapbuild/.gradle/wrapper/dists/gradle-5.6.4-all/ankdp27end7byghfw1q2sw75f/gradle-5.6.4/lib/plugins/gradle-javascript-5.6.4.jar
7f02782b8000-7f02782bc000 r--s 00011000 08:06 937477                     /home/zapbuild/.gradle/wrapper/dists/gradle-5.6.4-all/ankdp27end7byghfw1q2sw75f/gradle-5.6.4/lib/plugins/gradle-jacoco-5.6.4.jar
7f02782bc000-7f02782be000 r--s 00002000 08:06 937469                     /home/zapbuild/.gradle/wrapper/dists/gradle-5.6.4-all/ankdp27end7byghfw1q2sw75f/gradle-5.6.4/lib/plugins/gradle-ide-play-5.6.4.jar
7f02782be000-7f02782c0000 r--s 00011000 08:06 937538                     /home/zapbuild/.gradle/wrapper/dists/gradle-5.6.4-all/ankdp27end7byghfw1q2sw75f/gradle-5.6.4/lib/plugins/dd-plist-1.21.jar
7f02782c0000-7f02782c7000 r--s 00034000 08:06 937463                     /home/zapbuild/.gradle/wrapper/dists/gradle-5.6.4-all/ankdp27end7byghfw1q2sw75f/gradle-5.6.4/lib/plugins/gradle-ide-native-5.6.4.jar
7f02782c7000-7f02782d1000 r--s 00063000 08:06 937470                     /home/zapbuild/.gradle/wrapper/dists/gradle-5.6.4-all/ankdp27end7byghfw1q2sw75f/gradle-5.6.4/lib/plugins/gradle-ide-5.6.4.jar
7f02782d1000-7f02782d3000 r--s 00008000 08:06 937473                     /home/zapbuild/.gradle/wrapper/dists/gradle-5.6.4-all/ankdp27end7byghfw1q2sw75f/gradle-5.6.4/lib/plugins/gradle-ear-5.6.4.jar
7f02782d3000-7f02782d8000 r--s 0002a000 08:06 937459                     /home/zapbuild/.gradle/wrapper/dists/gradle-5.6.4-all/ankdp27end7byghfw1q2sw75f/gradle-5.6.4/lib/plugins/gradle-code-quality-5.6.4.jar
7f02782d8000-7f02782da000 r--s 0000b000 08:06 937535                     /home/zapbuild/.gradle/wrapper/dists/gradle-5.6.4-all/ankdp27end7byghfw1q2sw75f/gradle-5.6.4/lib/plugins/maven-plugin-api-3.0.4.jar
7f02782da000-7f02782e0000 r--s 0003f000 08:06 937523                     /home/zapbuild/.gradle/wrapper/dists/gradle-5.6.4-all/ankdp27end7byghfw1q2sw75f/gradle-5.6.4/lib/plugins/maven-compat-3.0.4.jar
7f02782e0000-7f02782e9000 r--s 0003b000 08:06 937478                     /home/zapbuild/.gradle/wrapper/dists/gradle-5.6.4-all/ankdp27end7byghfw1q2sw75f/gradle-5.6.4/lib/plugins/gradle-build-init-5.6.4.jar
7f02782e9000-7f02782ef000 r--s 0002e000 08:06 937472                     /home/zapbuild/.gradle/wrapper/dists/gradle-5.6.4-all/ankdp27end7byghfw1q2sw75f/gradle-5.6.4/lib/plugins/gradle-build-comparison-5.6.4.jar
7f02782ef000-7f02782f1000 r--s 00002000 08:06 937502                     /home/zapbuild/.gradle/wrapper/dists/gradle-5.6.4-all/ankdp27end7byghfw1q2sw75f/gradle-5.6.4/lib/plugins/gradle-build-cache-http-5.6.4.jar
7f02782f1000-7f02782f3000 r--s 00009000 08:06 937458                     /home/zapbuild/.gradle/wrapper/dists/gradle-5.6.4-all/ankdp27end7byghfw1q2sw75f/gradle-5.6.4/lib/plugins/gradle-antlr-5.6.4.jar
7f02782f3000-7f02782f5000 r--s 00005000 08:06 937457                     /home/zapbuild/.gradle/wrapper/dists/gradle-5.6.4-all/ankdp27end7byghfw1q2sw75f/gradle-5.6.4/lib/plugins/gradle-announce-5.6.4.jar
7f02782f5000-7f02782f8000 r--s 00017000 08:06 937479                     /home/zapbuild/.gradle/wrapper/dists/gradle-5.6.4-all/ankdp27end7byghfw1q2sw75f/gradle-5.6.4/lib/plugins/gradle-kotlin-dsl-tooling-builders-5.6.4.jar
7f02782f8000-7f02782fc000 r--s 00014000 08:06 937476                     /home/zapbuild/.gradle/wrapper/dists/gradle-5.6.4-all/ankdp27end7byghfw1q2sw75f/gradle-5.6.4/lib/plugins/gradle-ivy-5.6.4.jar
7f02782fc000-7f02782fe000 r--s 00009000 08:06 937492                     /home/zapbuild/.gradle/wrapper/dists/gradle-5.6.4-all/ankdp27end7byghfw1q2sw75f/gradle-5.6.4/lib/plugins/gradle-publish-5.6.4.jar
7f02782fe000-7f0278301000 r--s 0000c000 08:06 937526                     /home/zapbuild/.gradle/wrapper/dists/gradle-5.6.4-all/ankdp27end7byghfw1q2sw75f/gradle-5.6.4/lib/plugins/pmaven-groovy-0.8-20100325.jar
7f0278301000-7f0278302000 r--s 00004000 08:06 937525                     /home/zapbuild/.gradle/wrapper/dists/gradle-5.6.4-all/ankdp27end7byghfw1q2sw75f/gradle-5.6.4/lib/plugins/pmaven-common-0.8-20100325.jar
7f0278302000-7f0278305000 r--s 0000a000 08:06 937570                     /home/zapbuild/.gradle/wrapper/dists/gradle-5.6.4-all/ankdp27end7byghfw1q2sw75f/gradle-5.6.4/lib/plugins/plexus-classworlds-2.5.1.jar
7f0278305000-7f0278309000 r--s 00021000 08:06 937575                     /home/zapbuild/.gradle/wrapper/dists/gradle-5.6.4-all/ankdp27end7byghfw1q2sw75f/gradle-5.6.4/lib/plugins/xbean-reflect-3.7.jar
7f0278309000-7f0278310000 r--s 00032000 08:06 937528                     /home/zapbuild/.gradle/wrapper/dists/gradle-5.6.4-all/ankdp27end7byghfw1q2sw75f/gradle-5.6.4/lib/plugins/plexus-container-default-1.7.1.jar
7f0278310000-7f0278311000 r--s 00008000 08:06 937509                     /home/zapbuild/.gradle/wrapper/dists/gradle-5.6.4-all/ankdp27end7byghfw1q2sw75f/gradle-5.6.4/lib/plugins/wagon-http-shared-3.0.0.jar
7f0278311000-7f0278312000 r--s 00002000 08:06 937508                     /home/zapbuild/.gradle/wrapper/dists/gradle-5.6.4-all/ankdp27end7byghfw1q2sw75f/gradle-5.6.4/lib/plugins/wagon-http-3.0.0.jar
7f0278312000-7f0278314000 r--s 0000c000 08:06 937573                     /home/zapbuild/.gradle/wrapper/dists/gradle-5.6.4-all/ankdp27end7byghfw1q2sw75f/gradle-5.6.4/lib/plugins/wagon-provider-api-3.0.0.jar
7f0278314000-7f0278315000 r--s 00002000 08:06 937527                     /home/zapbuild/.gradle/wrapper/dists/gradle-5.6.4-all/ankdp27end7byghfw1q2sw75f/gradle-5.6.4/lib/plugins/wagon-file-3.0.0.jar
7f0278315000-7f0278317000 r--s 00006000 08:06 937529                     /home/zapbuild/.gradle/wrapper/dists/gradle-5.6.4-all/ankdp27end7byghfw1q2sw75f/gradle-5.6.4/lib/plugins/aether-connector-wagon-1.13.1.jar
7f0278317000-7f027831e000 r--s 00031000 08:06 937468                     /home/zapbuild/.gradle/wrapper/dists/gradle-5.6.4-all/ankdp27end7byghfw1q2sw75f/gradle-5.6.4/lib/plugins/gradle-maven-5.6.4.jar
7f027831e000-7f0278320000 r--s 0000c000 08:06 937467                     /home/zapbuild/.gradle/wrapper/dists/gradle-5.6.4-all/ankdp27end7byghfw1q2sw75f/gradle-5.6.4/lib/plugins/gradle-plugin-development-5.6.4.jar
7f0278320000-7f0278326000 r--s 0003d000 08:06 937537                     /home/zapbuild/.gradle/wrapper/dists/gradle-5.6.4-all/ankdp27end7byghfw1q2sw75f/gradle-5.6.4/lib/plugins/snakeyaml-1.17.jar
7f0278326000-7f0278328000 r--s 0000f000 08:06 937560                     /home/zapbuild/.gradle/wrapper/dists/gradle-5.6.4-all/ankdp27end7byghfw1q2sw75f/gradle-5.6.4/lib/plugins/jcommander-1.72.jar
7f0278328000-7f0278331000 r--s 00089000 08:06 937536                     /home/zapbuild/.gradle/wrapper/dists/gradle-5.6.4-all/ankdp27end7byghfw1q2sw75f/gradle-5.6.4/lib/plugins/testng-6.3.1.jar
7f0278331000-7f0278333000 r--s 00009000 08:06 937558                     /home/zapbuild/.gradle/wrapper/dists/gradle-5.6.4-all/ankdp27end7byghfw1q2sw75f/gradle-5.6.4/lib/plugins/hamcrest-core-1.3.jar
7f0278333000-7f027833b000 r--s 00045000 08:06 937539                     /home/zapbuild/.gradle/wrapper/dists/gradle-5.6.4-all/ankdp27end7byghfw1q2sw75f/gradle-5.6.4/lib/plugins/junit-4.12.jar
7f027833b000-7f0278340000 r--s 0005a000 08:06 937540                     /home/zapbuild/.gradle/wrapper/dists/gradle-5.6.4-all/ankdp27end7byghfw1q2sw75f/gradle-5.6.4/lib/plugins/bsh-2.0b6.jar
7f0278340000-7f0278344000 r--s 0001c000 08:06 937486                     /home/zapbuild/.gradle/wrapper/dists/gradle-5.6.4-all/ankdp27end7byghfw1q2sw75f/gradle-5.6.4/lib/plugins/gradle-testing-jvm-5.6.4.jar
7f0278344000-7f027834c000 r--s 00034000 08:06 937493                     /home/zapbuild/.gradle/wrapper/dists/gradle-5.6.4-all/ankdp27end7byghfw1q2sw75f/gradle-5.6.4/lib/plugins/gradle-testing-base-5.6.4.jar
7f027834c000-7f027834f000 r--s 0000e000 08:06 937482                     /home/zapbuild/.gradle/wrapper/dists/gradle-5.6.4-all/ankdp27end7byghfw1q2sw75f/gradle-5.6.4/lib/plugins/gradle-language-groovy-5.6.4.jar
7f027834f000-7f0278358000 r--s 00045000 08:06 937487                     /home/zapbuild/.gradle/wrapper/dists/gradle-5.6.4-all/ankdp27end7byghfw1q2sw75f/gradle-5.6.4/lib/plugins/gradle-language-java-5.6.4.jar
7f0278358000-7f027835a000 r--s 00005000 08:06 937488                     /home/zapbuild/.gradle/wrapper/dists/gradle-5.6.4-all/ankdp27end7byghfw1q2sw75f/gradle-5.6.4/lib/plugins/gradle-language-jvm-5.6.4.jar
7f027835a000-7f0278360000 r--s 0003e000 08:06 937491                     /home/zapbuild/.gradle/wrapper/dists/gradle-5.6.4-all/ankdp27end7byghfw1q2sw75f/gradle-5.6.4/lib/plugins/gradle-diagnostics-5.6.4.jar
7f0278360000-7f0278364000 r--s 0001b000 08:06 937489                     /home/zapbuild/.gradle/wrapper/dists/gradle-5.6.4-all/ankdp27end7byghfw1q2sw75f/gradle-5.6.4/lib/plugins/gradle-platform-jvm-5.6.4.jar
7f0278364000-7f027836b000 r--s 0002a000 08:06 937494                     /home/zapbuild/.gradle/wrapper/dists/gradle-5.6.4-all/ankdp27end7byghfw1q2sw75f/gradle-5.6.4/lib/plugins/gradle-platform-base-5.6.4.jar
7f027836b000-7f027836d000 r--s 00006000 08:06 937534                     /home/zapbuild/.gradle/wrapper/dists/gradle-5.6.4-all/ankdp27end7byghfw1q2sw75f/gradle-5.6.4/lib/plugins/jatl-0.2.3.jar
7f027836d000-7f027836f000 r--s 00010000 08:06 937499                     /home/zapbuild/.gradle/wrapper/dists/gradle-5.6.4-all/ankdp27end7byghfw1q2sw75f/gradle-5.6.4/lib/plugins/gradle-reporting-5.6.4.jar
7f027836f000-7f0278377000 r--s 00047000 08:06 937480                     /home/zapbuild/.gradle/wrapper/dists/gradle-5.6.4-all/ankdp27end7byghfw1q2sw75f/gradle-5.6.4/lib/plugins/gradle-plugins-5.6.4.jar
7f0278377000-7f027837c000 r--s 0002c000 08:06 937466                     /home/zapbuild/.gradle/wrapper/dists/gradle-5.6.4-all/ankdp27end7byghfw1q2sw75f/gradle-5.6.4/lib/plugins/gradle-kotlin-dsl-provider-plugins-5.6.4.jar
7f027837c000-7f0278381000 r--s 00040000 08:06 937545                     /home/zapbuild/.gradle/wrapper/dists/gradle-5.6.4-all/ankdp27end7byghfw1q2sw75f/gradle-5.6.4/lib/plugins/jsch-0.1.54.jar
7f0278381000-7f0278383000 r--s 00010000 08:06 937561                     /home/zapbuild/.gradle/wrapper/dists/gradle-5.6.4-all/ankdp27end7byghfw1q2sw75f/gradle-5.6.4/lib/plugins/jzlib-1.1.3.jar
7f0278383000-7f02783a8000 r--s 00265000 08:06 937507                     /home/zapbuild/.gradle/wrapper/dists/gradle-5.6.4-all/ankdp27end7byghfw1q2sw75f/gradle-5.6.4/lib/plugins/org.eclipse.jgit-5.0.3.201809091024-r.jar
7f02783a8000-7f02783ab000 r--s 0000c000 08:06 937496                     /home/zapbuild/.gradle/wrapper/dists/gradle-5.6.4-all/ankdp27end7byghfw1q2sw75f/gradle-5.6.4/lib/plugins/gradle-version-control-5.6.4.jar
7f02783ab000-7f02783ad000 r--s 00006000 08:06 937565                     /home/zapbuild/.gradle/wrapper/dists/gradle-5.6.4-all/ankdp27end7byghfw1q2sw75f/gradle-5.6.4/lib/plugins/maven-repository-metadata-3.0.4.jar
7f02783ad000-7f02783af000 r--s 0000c000 08:06 937553                     /home/zapbuild/.gradle/wrapper/dists/gradle-5.6.4-all/ankdp27end7byghfw1q2sw75f/gradle-5.6.4/lib/plugins/maven-aether-provider-3.0.4.jar
7f02783af000-7f02783b0000 r--s 00003000 08:06 937556                     /home/zapbuild/.gradle/wrapper/dists/gradle-5.6.4-all/ankdp27end7byghfw1q2sw75f/gradle-5.6.4/lib/plugins/aether-spi-1.13.1.jar
7f02783b0000-7f02783b3000 r--s 0001d000 08:06 937554                     /home/zapbuild/.gradle/wrapper/dists/gradle-5.6.4-all/ankdp27end7byghfw1q2sw75f/gradle-5.6.4/lib/plugins/aether-impl-1.13.1.jar
7f02783b3000-7f02783b7000 r--s 0001c000 08:06 937555                     /home/zapbuild/.gradle/wrapper/dists/gradle-5.6.4-all/ankdp27end7byghfw1q2sw75f/gradle-5.6.4/lib/plugins/aether-util-1.13.1.jar
7f02783b7000-7f02783ba000 r--s 00013000 08:06 937557                     /home/zapbuild/.gradle/wrapper/dists/gradle-5.6.4-all/ankdp27end7byghfw1q2sw75f/gradle-5.6.4/lib/plugins/aether-api-1.13.1.jar
7f02783ba000-7f02783bc000 r--s 0000b000 08:06 937562                     /home/zapbuild/.gradle/wrapper/dists/gradle-5.6.4-all/ankdp27end7byghfw1q2sw75f/gradle-5.6.4/lib/plugins/maven-artifact-3.0.4.jar
7f02783bc000-7f02783be000 r--s 00000000 08:06 937571                     /home/zapbuild/.gradle/wrapper/dists/gradle-5.6.4-all/ankdp27end7byghfw1q2sw75f/gradle-5.6.4/lib/plugins/plexus-component-annotations-1.5.5.jar
7f02783be000-7f02783c0000 r--s 0000d000 08:06 937572                     /home/zapbuild/.gradle/wrapper/dists/gradle-5.6.4-all/ankdp27end7byghfw1q2sw75f/gradle-5.6.4/lib/plugins/plexus-interpolation-1.14.jar
7f02783c0000-7f02783c4000 r--s 00021000 08:06 937563                     /home/zapbuild/.gradle/wrapper/dists/gradle-5.6.4-all/ankdp27end7byghfw1q2sw75f/gradle-5.6.4/lib/plugins/maven-model-builder-3.0.4.jar
7f02783c4000-7f02783c6000 r--s 00026000 08:06 937564                     /home/zapbuild/.gradle/wrapper/dists/gradle-5.6.4-all/ankdp27end7byghfw1q2sw75f/gradle-5.6.4/lib/plugins/maven-model-3.0.4.jar
7f02783c6000-7f02783c8000 r--s 0000a000 08:06 937567                     /home/zapbuild/.gradle/wrapper/dists/gradle-5.6.4-all/ankdp27end7byghfw1q2sw75f/gradle-5.6.4/lib/plugins/maven-settings-3.0.4.jar
7f02783c8000-7f02783ca000 r--s 00002000 08:06 937569                     /home/zapbuild/.gradle/wrapper/dists/gradle-5.6.4-all/ankdp27end7byghfw1q2sw75f/gradle-5.6.4/lib/plugins/plexus-cipher-1.7.jar
7f02783ca000-7f02783cb000 r--s 00006000 08:06 937568                     /home/zapbuild/.gradle/wrapper/dists/gradle-5.6.4-all/ankdp27end7byghfw1q2sw75f/gradle-5.6.4/lib/plugins/plexus-sec-dispatcher-1.3.jar
7f02783cb000-7f02783cf000 r--s 0003c000 08:06 937574                     /home/zapbuild/.gradle/wrapper/dists/gradle-5.6.4-all/ankdp27end7byghfw1q2sw75f/gradle-5.6.4/lib/plugins/plexus-utils-3.1.0.jar
7f02783cf000-7f02783d2000 r--s 00008000 08:06 937566                     /home/zapbuild/.gradle/wrapper/dists/gradle-5.6.4-all/ankdp27end7byghfw1q2sw75f/gradle-5.6.4/lib/plugins/maven-settings-builder-3.0.4.jar
7f02783d2000-7f02783de000 r--s 0007d000 08:06 937524                     /home/zapbuild/.gradle/wrapper/dists/gradle-5.6.4-all/ankdp27end7byghfw1q2sw75f/gradle-5.6.4/lib/plugins/maven-core-3.0.4.jar
7f02783de000-7f02783f3000 r--s 00116000 08:06 937522                     /home/zapbuild/.gradle/wrapper/dists/gradle-5.6.4-all/ankdp27end7byghfw1q2sw75f/gradle-5.6.4/lib/plugins/ivy-2.3.0.jar
7f02783f3000-7f02783f8000 r--s 00036000 08:06 937532                     /home/zapbuild/.gradle/wrapper/dists/gradle-5.6.4-all/ankdp27end7byghfw1q2sw75f/gradle-5.6.4/lib/plugins/gson-2.8.5.jar
7f02783f8000-7f0278457000 r--s 003f7000 08:06 937552                     /home/zapbuild/.gradle/wrapper/dists/gradle-5.6.4-all/ankdp27end7byghfw1q2sw75f/gradle-5.6.4/lib/plugins/bcprov-jdk15on-1.61.jar
7f0278457000-7f0278458000 r--s 00013000 08:06 937520                     /home/zapbuild/.gradle/wrapper/dists/gradle-5.6.4-all/ankdp27end7byghfw1q2sw75f/gradle-5.6.4/lib/plugins/asm-util-7.1.jar
7f0278458000-7f027848e000 r--s 001d8000 08:06 937497                     /home/zapbuild/.gradle/wrapper/dists/gradle-5.6.4-all/ankdp27end7byghfw1q2sw75f/gradle-5.6.4/lib/plugins/gradle-dependency-management-5.6.4.jar
7f027848e000-7f027848f000 r--s 00000000 08:06 932946                     /home/zapbuild/.gradle/wrapper/dists/gradle-5.6.4-all/ankdp27end7byghfw1q2sw75f/gradle-5.6.4/lib/gradle-runtime-api-info-5.6.4.jar
7f027848f000-7f0278491000 r--s 0000d000 08:06 937495                     /home/zapbuild/.gradle/wrapper/dists/gradle-5.6.4-all/ankdp27end7byghfw1q2sw75f/gradle-5.6.4/lib/plugins/gradle-plugin-use-5.6.4.jar
7f0278491000-7f0278494000 r--s 0000d000 08:06 937498                     /home/zapbuild/.gradle/wrapper/dists/gradle-5.6.4-all/ankdp27end7byghfw1q2sw75f/gradle-5.6.4/lib/plugins/gradle-composite-builds-5.6.4.jar
7f0278494000-7f02784ad000 r--s 0013a000 08:06 937544                     /home/zapbuild/.gradle/wrapper/dists/gradle-5.6.4-all/ankdp27end7byghfw1q2sw75f/gradle-5.6.4/lib/plugins/xercesImpl-2.12.0.jar
7f02784ad000-7f02784af000 r--s 0001d000 08:06 937543                     /home/zapbuild/.gradle/wrapper/dists/gradle-5.6.4-all/ankdp27end7byghfw1q2sw75f/gradle-5.6.4/lib/plugins/nekohtml-1.9.22.jar
7f02784af000-7f02784b5000 r--s 0005b000 08:06 937542                     /home/zapbuild/.gradle/wrapper/dists/gradle-5.6.4-all/ankdp27end7byghfw1q2sw75f/gradle-5.6.4/lib/plugins/jcifs-1.3.17.jar
7f02784b5000-7f02784bc000 r--s 0004b000 08:06 937519                     /home/zapbuild/.gradle/wrapper/dists/gradle-5.6.4-all/ankdp27end7byghfw1q2sw75f/gradle-5.6.4/lib/plugins/commons-codec-1.11.jar
7f02784bc000-7f02784c3000 r--s 00049000 08:06 937559                     /home/zapbuild/.gradle/wrapper/dists/gradle-5.6.4-all/ankdp27end7byghfw1q2sw75f/gradle-5.6.4/lib/plugins/httpcore-4.4.10.jar
7f02784c3000-7f02784d9000 r-xp 00000000 08:06 267692                     /lib/x86_64-linux-gnu/libgcc_s.so.1
7f02784d9000-7f02786d8000 ---p 00016000 08:06 267692                     /lib/x86_64-linux-gnu/libgcc_s.so.1
7f02786d8000-7f02786d9000 rw-p 00015000 08:06 267692                     /lib/x86_64-linux-gnu/libgcc_s.so.1
7f02786d9000-7f027884b000 r-xp 00000000 08:06 1181831                    /usr/lib/x86_64-linux-gnu/libstdc++.so.6.0.21
7f027884b000-7f0278a4b000 ---p 00172000 08:06 1181831                    /usr/lib/x86_64-linux-gnu/libstdc++.so.6.0.21
7f0278a4b000-7f0278a55000 r--p 00172000 08:06 1181831                    /usr/lib/x86_64-linux-gnu/libstdc++.so.6.0.21
7f0278a55000-7f0278a57000 rw-p 0017c000 08:06 1181831                    /usr/lib/x86_64-linux-gnu/libstdc++.so.6.0.21
7f0278a57000-7f0278a5b000 rw-p 00000000 00:00 0 
7f0278a5b000-7f0278a5c000 r--s 00000000 08:06 932951                     /home/zapbuild/.gradle/wrapper/dists/gradle-5.6.4-all/ankdp27end7byghfw1q2sw75f/gradle-5.6.4/lib/gradle-installation-beacon-5.6.4.jar
7f0278a5c000-7f0278a69000 r--s 000af000 08:06 937518                     /home/zapbuild/.gradle/wrapper/dists/gradle-5.6.4-all/ankdp27end7byghfw1q2sw75f/gradle-5.6.4/lib/plugins/httpclient-4.5.6.jar
7f0278a69000-7f0278a6c000 r--s 0000e000 08:06 937503                     /home/zapbuild/.gradle/wrapper/dists/gradle-5.6.4-all/ankdp27end7byghfw1q2sw75f/gradle-5.6.4/lib/plugins/gradle-resources-http-5.6.4.jar
7f0278a6c000-7f0278a71000 r--s 0001d000 08:06 937506                     /home/zapbuild/.gradle/wrapper/dists/gradle-5.6.4-all/ankdp27end7byghfw1q2sw75f/gradle-5.6.4/lib/plugins/gradle-workers-5.6.4.jar
7f0278a71000-7f0278a77000 r-xp 00000000 08:06 132239                     /home/zapbuild/.gradle/native/30/linux-amd64/libnative-platform.so
7f0278a77000-7f0278c76000 ---p 00006000 08:06 132239                     /home/zapbuild/.gradle/native/30/linux-amd64/libnative-platform.so
7f0278c76000-7f0278c77000 rw-p 00005000 08:06 132239                     /home/zapbuild/.gradle/native/30/linux-amd64/libnative-platform.so
7f0278c77000-7f0278c82000 r--s 00081000 08:06 937428                     /home/zapbuild/.gradle/wrapper/dists/gradle-5.6.4-all/ankdp27end7byghfw1q2sw75f/gradle-5.6.4/lib/trove4j-1.0.20181211.jar
7f0278c82000-7f0278c84000 r--s 00009000 08:06 937436                     /home/zapbuild/.gradle/wrapper/dists/gradle-5.6.4-all/ankdp27end7byghfw1q2sw75f/gradle-5.6.4/lib/kotlin-script-runtime-1.3.41.jar
7f0278c84000-7f0278eab000 r--s 0204c000 08:06 937398                     /home/zapbuild/.gradle/wrapper/dists/gradle-5.6.4-all/ankdp27end7byghfw1q2sw75f/gradle-5.6.4/lib/kotlin-compiler-embeddable-1.3.41-patched-for-gradle-5.6.4.jar
7f0278eab000-7f0278eac000 r--s 00001000 08:06 937397                     /home/zapbuild/.gradle/wrapper/dists/gradle-5.6.4-all/ankdp27end7byghfw1q2sw75f/gradle-5.6.4/lib/gradle-kotlin-dsl-tooling-models-5.6.4.jar
7f0278eac000-7f0278eae000 r--s 00006000 08:06 932950                     /home/zapbuild/.gradle/wrapper/dists/gradle-5.6.4-all/ankdp27end7byghfw1q2sw75f/gradle-5.6.4/lib/gradle-wrapper-5.6.4.jar
7f0278eae000-7f0278ebd000 r--s 0004d000 08:06 932948                     /home/zapbuild/.gradle/wrapper/dists/gradle-5.6.4-all/ankdp27end7byghfw1q2sw75f/gradle-5.6.4/lib/gradle-tooling-api-5.6.4.jar
7f0278ebd000-7f0278ecd000 r--s 0026b000 08:06 937420                     /home/zapbuild/.gradle/wrapper/dists/gradle-5.6.4-all/ankdp27end7byghfw1q2sw75f/gradle-5.6.4/lib/kotlinx-metadata-jvm-0.1.0.jar
7f0278ecd000-7f0278ece000 r--s 00002000 08:06 937419                     /home/zapbuild/.gradle/wrapper/dists/gradle-5.6.4-all/ankdp27end7byghfw1q2sw75f/gradle-5.6.4/lib/kotlin-sam-with-receiver-compiler-plugin-1.3.41.jar
7f0278ece000-7f0278ed5000 r--s 00047000 08:06 937418                     /home/zapbuild/.gradle/wrapper/dists/gradle-5.6.4-all/ankdp27end7byghfw1q2sw75f/gradle-5.6.4/lib/kotlin-scripting-compiler-impl-embeddable-1.3.41.jar
7f0278ed5000-7f0278ed6000 r--s 00009000 08:06 937417                     /home/zapbuild/.gradle/wrapper/dists/gradle-5.6.4-all/ankdp27end7byghfw1q2sw75f/gradle-5.6.4/lib/kotlin-scripting-compiler-embeddable-1.3.41.jar
7f0278ed6000-7f0278ef1000 r--s 0015f000 08:06 932947                     /home/zapbuild/.gradle/wrapper/dists/gradle-5.6.4-all/ankdp27end7byghfw1q2sw75f/gradle-5.6.4/lib/gradle-kotlin-dsl-5.6.4.jar
7f0278ef1000-7f0278ef3000 r--s 00005000 08:06 937384                     /home/zapbuild/.gradle/wrapper/dists/gradle-5.6.4-all/ankdp27end7byghfw1q2sw75f/gradle-5.6.4/lib/gradle-worker-processes-5.6.4.jar
7f0278ef3000-7f0278ef9000 r--s 00028000 08:06 933040                     /home/zapbuild/.gradle/wrapper/dists/gradle-5.6.4-all/ankdp27end7byghfw1q2sw75f/gradle-5.6.4/lib/gradle-execution-5.6.4.jar
7f0278ef9000-7f0278efb000 r--s 00007000 08:06 933039                     /home/zapbuild/.gradle/wrapper/dists/gradle-5.6.4-all/ankdp27end7byghfw1q2sw75f/gradle-5.6.4/lib/gradle-model-groovy-5.6.4.jar
7f0278efb000-7f0278efd000 r--s 00000000 08:06 937386                     /home/zapbuild/.gradle/wrapper/dists/gradle-5.6.4-all/ankdp27end7byghfw1q2sw75f/gradle-5.6.4/lib/gradle-jvm-services-5.6.4.jar
7f0278efd000-7f0278eff000 r--s 00006000 08:06 937380                     /home/zapbuild/.gradle/wrapper/dists/gradle-5.6.4-all/ankdp27end7byghfw1q2sw75f/gradle-5.6.4/lib/gradle-build-cache-packaging-5.6.4.jar
7f0278eff000-7f0278f03000 r--s 0000e000 08:06 937381                     /home/zapbuild/.gradle/wrapper/dists/gradle-5.6.4-all/ankdp27end7byghfw1q2sw75f/gradle-5.6.4/lib/gradle-build-cache-5.6.4.jar
7f0278f03000-7f0278f04000 r--s 00005000 08:06 937401                     /home/zapbuild/.gradle/wrapper/dists/gradle-5.6.4-all/ankdp27end7byghfw1q2sw75f/gradle-5.6.4/lib/gradle-docs-5.6.4.jar
7f0278f04000-7f0278f3c000 r--s 00273000 08:06 937430                     /home/zapbuild/.gradle/wrapper/dists/gradle-5.6.4-all/ankdp27end7byghfw1q2sw75f/gradle-5.6.4/lib/kotlin-reflect-1.3.41.jar
7f0278f3c000-7f0278f3d000 r--s 00000000 08:06 937431                     /home/zapbuild/.gradle/wrapper/dists/gradle-5.6.4-all/ankdp27end7byghfw1q2sw75f/gradle-5.6.4/lib/kotlin-stdlib-jdk7-1.3.41.jar
7f0278f3d000-7f0278f3f000 r--s 00002000 08:06 937415                     /home/zapbuild/.gradle/wrapper/dists/gradle-5.6.4-all/ankdp27end7byghfw1q2sw75f/gradle-5.6.4/lib/kotlin-stdlib-jdk8-1.3.41.jar
7f0278f3f000-7f0278f48000 r--s 000b3000 08:06 933035                     /home/zapbuild/.gradle/wrapper/dists/gradle-5.6.4-all/ankdp27end7byghfw1q2sw75f/gradle-5.6.4/lib/gradle-instant-execution-5.6.4.jar
7f0278f48000-7f0278f51000 r--s 0002d000 08:06 937429                     /home/zapbuild/.gradle/wrapper/dists/gradle-5.6.4-all/ankdp27end7byghfw1q2sw75f/gradle-5.6.4/lib/xml-apis-1.4.01.jar
7f0278f51000-7f0278f5c000 r--s 00086000 08:06 937421                     /home/zapbuild/.gradle/wrapper/dists/gradle-5.6.4-all/ankdp27end7byghfw1q2sw75f/gradle-5.6.4/lib/commons-compress-1.18.jar
7f0278f5c000-7f0278f5e000 r--s 00007000 08:06 937411                     /home/zapbuild/.gradle/wrapper/dists/gradle-5.6.4-all/ankdp27end7byghfw1q2sw75f/gradle-5.6.4/lib/asm-analysis-7.1.jar
7f0278f5e000-7f0278f60000 r--s 0000b000 08:06 937412                     /home/zapbuild/.gradle/wrapper/dists/gradle-5.6.4-all/ankdp27end7byghfw1q2sw75f/gradle-5.6.4/lib/asm-tree-7.1.jar
7f0278f60000-7f0278f62000 r--s 00010000 08:06 937410                     /home/zapbuild/.gradle/wrapper/dists/gradle-5.6.4-all/ankdp27end7byghfw1q2sw75f/gradle-5.6.4/lib/asm-commons-7.1.jar
7f0278f62000-7f0278f66000 r--s 00010000 08:06 937395                     /home/zapbuild/.gradle/wrapper/dists/gradle-5.6.4-all/ankdp27end7byghfw1q2sw75f/gradle-5.6.4/lib/gradle-snapshots-5.6.4.jar
7f0278f66000-7f0278f6d000 r--s 00021000 08:06 937438                     /home/zapbuild/.gradle/wrapper/dists/gradle-5.6.4-all/ankdp27end7byghfw1q2sw75f/gradle-5.6.4/lib/kotlin-stdlib-common-1.3.41.jar
7f0278f6d000-7f0278f6f000 r--s 00003000 08:06 937433                     /home/zapbuild/.gradle/wrapper/dists/gradle-5.6.4-all/ankdp27end7byghfw1q2sw75f/gradle-5.6.4/lib/annotations-13.0.jar
7f0278f6f000-7f0278f83000 r--s 00128000 08:06 937432                     /home/zapbuild/.gradle/wrapper/dists/gradle-5.6.4-all/ankdp27end7byghfw1q2sw75f/gradle-5.6.4/lib/kotlin-stdlib-1.3.41.jar
7f0278f83000-7f0278f9a000 r--s 000d6000 08:06 937274                     /home/zapbuild/.gradle/wrapper/dists/gradle-5.6.4-all/ankdp27end7byghfw1q2sw75f/gradle-5.6.4/lib/gradle-model-core-5.6.4.jar
7f0278f9a000-7f0278f9f000 r--s 00015000 08:06 937388                     /home/zapbuild/.gradle/wrapper/dists/gradle-5.6.4-all/ankdp27end7byghfw1q2sw75f/gradle-5.6.4/lib/gradle-resources-5.6.4.jar
7f0278f9f000-7f0278fa6000 r--s 00036000 08:06 937383                     /home/zapbuild/.gradle/wrapper/dists/gradle-5.6.4-all/ankdp27end7byghfw1q2sw75f/gradle-5.6.4/lib/gradle-persistent-cache-5.6.4.jar
7f0278fa6000-7f0278fa8000 r--s 00006000 08:06 937391                     /home/zapbuild/.gradle/wrapper/dists/gradle-5.6.4-all/ankdp27end7byghfw1q2sw75f/gradle-5.6.4/lib/gradle-base-services-groovy-5.6.4.jar
7f0278fa8000-7f0278fa9000 r--s 00000000 08:06 937416                     /home/zapbuild/.gradle/wrapper/dists/gradle-5.6.4-all/ankdp27end7byghfw1q2sw75f/gradle-5.6.4/lib/javax.inject-1.jar
7f0278fa9000-7f0278fae000 r--s 0001f000 08:06 933038                     /home/zapbuild/.gradle/wrapper/dists/gradle-5.6.4-all/ankdp27end7byghfw1q2sw75f/gradle-5.6.4/lib/gradle-file-collections-5.6.4.jar
7f0278fae000-7f0278fb0000 r--s 00006000 08:06 937387                     /home/zapbuild/.gradle/wrapper/dists/gradle-5.6.4-all/ankdp27end7byghfw1q2sw75f/gradle-5.6.4/lib/gradle-process-services-5.6.4.jar
7f0278fb0000-7f0278fb2000 r--s 00004000 08:06 937404                     /home/zapbuild/.gradle/wrapper/dists/gradle-5.6.4-all/ankdp27end7byghfw1q2sw75f/gradle-5.6.4/lib/log4j-over-slf4j-1.7.25.jar
7f0278fb2000-7f0278fb4000 r--s 00000000 08:06 937403                     /home/zapbuild/.gradle/wrapper/dists/gradle-5.6.4-all/ankdp27end7byghfw1q2sw75f/gradle-5.6.4/lib/jul-to-slf4j-1.7.25.jar
7f0278fb4000-7f0278fb6000 r--s 00003000 08:06 937405                     /home/zapbuild/.gradle/wrapper/dists/gradle-5.6.4-all/ankdp27end7byghfw1q2sw75f/gradle-5.6.4/lib/jcl-over-slf4j-1.7.25.jar
7f0278fb6000-7f0278fbe000 r--s 00038000 08:06 937385                     /home/zapbuild/.gradle/wrapper/dists/gradle-5.6.4-all/ankdp27end7byghfw1q2sw75f/gradle-5.6.4/lib/gradle-logging-5.6.4.jar
7f0278fbe000-7f0278fc0000 r--s 00004000 08:06 937396                     /home/zapbuild/.gradle/wrapper/dists/gradle-5.6.4-all/ankdp27end7byghfw1q2sw75f/gradle-5.6.4/lib/gradle-files-5.6.4.jar
7f0278fc0000-7f0278fc1000 r--s 00004000 08:06 937439                     /home/zapbuild/.gradle/wrapper/dists/gradle-5.6.4-all/ankdp27end7byghfw1q2sw75f/gradle-5.6.4/lib/native-platform-freebsd-amd64-libcpp-0.18.jar
7f0278fc1000-7f0278fc2000 r--s 00004000 08:06 937440                     /home/zapbuild/.gradle/wrapper/dists/gradle-5.6.4-all/ankdp27end7byghfw1q2sw75f/gradle-5.6.4/lib/native-platform-freebsd-amd64-libstdcpp-0.18.jar
7f0278fc2000-7f0278fc3000 r--s 00004000 08:06 937441                     /home/zapbuild/.gradle/wrapper/dists/gradle-5.6.4-all/ankdp27end7byghfw1q2sw75f/gradle-5.6.4/lib/native-platform-freebsd-i386-libcpp-0.18.jar
7f0278fc3000-7f0278fc4000 r--s 00004000 08:06 937442                     /home/zapbuild/.gradle/wrapper/dists/gradle-5.6.4-all/ankdp27end7byghfw1q2sw75f/gradle-5.6.4/lib/native-platform-freebsd-i386-libstdcpp-0.18.jar
7f0278fc4000-7f0278fc5000 r--s 00002000 08:06 937443                     /home/zapbuild/.gradle/wrapper/dists/gradle-5.6.4-all/ankdp27end7byghfw1q2sw75f/gradle-5.6.4/lib/native-platform-linux-aarch64-0.18.jar
7f0278fc5000-7f0278fc6000 r--s 00002000 08:06 937444                     /home/zapbuild/.gradle/wrapper/dists/gradle-5.6.4-all/ankdp27end7byghfw1q2sw75f/gradle-5.6.4/lib/native-platform-linux-amd64-0.18.jar
7f0278fc6000-7f0278fc7000 r--s 00002000 08:06 937445                     /home/zapbuild/.gradle/wrapper/dists/gradle-5.6.4-all/ankdp27end7byghfw1q2sw75f/gradle-5.6.4/lib/native-platform-linux-i386-0.18.jar
7f0278fc7000-7f0278fc8000 r--s 00003000 08:06 937446                     /home/zapbuild/.gradle/wrapper/dists/gradle-5.6.4-all/ankdp27end7byghfw1q2sw75f/gradle-5.6.4/lib/native-platform-osx-amd64-0.18.jar
7f0278fc8000-7f0278fc9000 r--s 00011000 08:06 937447                     /home/zapbuild/.gradle/wrapper/dists/gradle-5.6.4-all/ankdp27end7byghfw1q2sw75f/gradle-5.6.4/lib/native-platform-windows-amd64-0.18.jar
7f0278fc9000-7f0278fcb000 r--s 00010000 08:06 937448                     /home/zapbuild/.gradle/wrapper/dists/gradle-5.6.4-all/ankdp27end7byghfw1q2sw75f/gradle-5.6.4/lib/native-platform-windows-amd64-min-0.18.jar
7f0278fcb000-7f0278fcc000 r--s 0000f000 08:06 937449                     /home/zapbuild/.gradle/wrapper/dists/gradle-5.6.4-all/ankdp27end7byghfw1q2sw75f/gradle-5.6.4/lib/native-platform-windows-i386-0.18.jar
7f0278fcc000-7f0278fcd000 r--s 0000f000 08:06 937450                     /home/zapbuild/.gradle/wrapper/dists/gradle-5.6.4-all/ankdp27end7byghfw1q2sw75f/gradle-5.6.4/lib/native-platform-windows-i386-min-0.18.jar
7f0278fcd000-7f0278fcf000 r--s 00001000 08:06 937452                     /home/zapbuild/.gradle/wrapper/dists/gradle-5.6.4-all/ankdp27end7byghfw1q2sw75f/gradle-5.6.4/lib/native-platform-linux-amd64-ncurses5-0.18.jar
7f0278fcf000-7f0278fff000 r--s 0024c000 08:06 937407                     /home/zapbuild/.gradle/wrapper/dists/gradle-5.6.4-all/ankdp27end7byghfw1q2sw75f/gradle-5.6.4/lib/guava-27.1-android.jar
7f0278fff000-7f027c000000 rw-p 00000000 00:00 0 
7f027c000000-7f027c021000 rw-p 00000000 00:00 0 
7f027c021000-7f0280000000 ---p 00000000 00:00 0 
7f0280000000-7f0280001000 r--s 00001000 08:06 937451                     /home/zapbuild/.gradle/wrapper/dists/gradle-5.6.4-all/ankdp27end7byghfw1q2sw75f/gradle-5.6.4/lib/native-platform-linux-aarch64-ncurses5-0.18.jar
7f0280001000-7f0280002000 r--s 00001000 08:06 937453                     /home/zapbuild/.gradle/wrapper/dists/gradle-5.6.4-all/ankdp27end7byghfw1q2sw75f/gradle-5.6.4/lib/native-platform-linux-amd64-ncurses6-0.18.jar
7f0280002000-7f0280003000 r--s 00001000 08:06 937454                     /home/zapbuild/.gradle/wrapper/dists/gradle-5.6.4-all/ankdp27end7byghfw1q2sw75f/gradle-5.6.4/lib/native-platform-linux-i386-ncurses5-0.18.jar
7f0280003000-7f0280004000 r--s 00001000 08:06 937455                     /home/zapbuild/.gradle/wrapper/dists/gradle-5.6.4-all/ankdp27end7byghfw1q2sw75f/gradle-5.6.4/lib/native-platform-linux-i386-ncurses6-0.18.jar
7f0280004000-7f0280009000 r--s 0001a000 08:06 937426                     /home/zapbuild/.gradle/wrapper/dists/gradle-5.6.4-all/ankdp27end7byghfw1q2sw75f/gradle-5.6.4/lib/native-platform-0.18.jar
7f0280009000-7f028000d000 r--s 00042000 08:06 937423                     /home/zapbuild/.gradle/wrapper/dists/gradle-5.6.4-all/ankdp27end7byghfw1q2sw75f/gradle-5.6.4/lib/jansi-1.17.1.jar
7f028000d000-7f0280010000 r--s 0000c000 08:06 937390                     /home/zapbuild/.gradle/wrapper/dists/gradle-5.6.4-all/ankdp27end7byghfw1q2sw75f/gradle-5.6.4/lib/gradle-native-5.6.4.jar
7f0280010000-7f0280012000 r--s 0000c000 08:06 937427                     /home/zapbuild/.gradle/wrapper/dists/gradle-5.6.4-all/ankdp27end7byghfw1q2sw75f/gradle-5.6.4/lib/objenesis-2.6.jar
7f0280012000-7f0280018000 r--s 0004d000 08:06 937425                     /home/zapbuild/.gradle/wrapper/dists/gradle-5.6.4-all/ankdp27end7byghfw1q2sw75f/gradle-5.6.4/lib/kryo-2.24.0.jar
7f0280018000-7f028001b000 r--s 0001c000 08:06 937422                     /home/zapbuild/.gradle/wrapper/dists/gradle-5.6.4-all/ankdp27end7byghfw1q2sw75f/gradle-5.6.4/lib/fastutil-8.2.1-min.jar
7f028001b000-7f028001c000 ---p 00000000 00:00 0 
7f028001c000-7f028011c000 rw-p 00000000 00:00 0 
7f028011c000-7f028011f000 ---p 00000000 00:00 0 
7f028011f000-7f028021d000 rw-p 00000000 00:00 0 
7f028021d000-7f0280220000 ---p 00000000 00:00 0 
7f0280220000-7f028031e000 rw-p 00000000 00:00 0 
7f028031e000-7f0280321000 ---p 00000000 00:00 0 
7f0280321000-7f028041f000 rw-p 00000000 00:00 0 
7f028041f000-7f0280422000 ---p 00000000 00:00 0 
7f0280422000-7f0280520000 rw-p 00000000 00:00 0 
7f0280520000-7f0280523000 ---p 00000000 00:00 0 
7f0280523000-7f0280621000 rw-p 00000000 00:00 0 
7f0280621000-7f02808f9000 r--p 00000000 08:06 1196789                    /usr/lib/locale/locale-archive
7f02808f9000-7f02808fc000 ---p 00000000 00:00 0 
7f02808fc000-7f02809fa000 rw-p 00000000 00:00 0 
7f02809fa000-7f02809fd000 ---p 00000000 00:00 0 
7f02809fd000-7f0280afb000 rw-p 00000000 00:00 0 
7f0280afb000-7f0280afc000 ---p 00000000 00:00 0 
7f0280afc000-7f0284000000 rw-p 00000000 00:00 0 
7f0284000000-7f0284021000 rw-p 00000000 00:00 0 
7f0284021000-7f0288000000 ---p 00000000 00:00 0 
7f0288000000-7f0288002000 r--s 00000000 08:06 937435                     /home/zapbuild/.gradle/wrapper/dists/gradle-5.6.4-all/ankdp27end7byghfw1q2sw75f/gradle-5.6.4/lib/minlog-1.2.jar
7f0288002000-7f0288009000 r--s 0002f000 08:06 937389                     /home/zapbuild/.gradle/wrapper/dists/gradle-5.6.4-all/ankdp27end7byghfw1q2sw75f/gradle-5.6.4/lib/gradle-messaging-5.6.4.jar
7f0288009000-7f028800b000 r--s 00005000 08:06 937394                     /home/zapbuild/.gradle/wrapper/dists/gradle-5.6.4-all/ankdp27end7byghfw1q2sw75f/gradle-5.6.4/lib/gradle-cli-5.6.4.jar
7f028800b000-7f0288089000 r--s 00759000 08:06 937402                     /home/zapbuild/.gradle/wrapper/dists/gradle-5.6.4-all/ankdp27end7byghfw1q2sw75f/gradle-5.6.4/lib/groovy-all-1.3-2.5.4.jar
7f0288089000-7f028808e000 r--s 00041000 08:06 937409                     /home/zapbuild/.gradle/wrapper/dists/gradle-5.6.4-all/ankdp27end7byghfw1q2sw75f/gradle-5.6.4/lib/commons-lang-2.6.jar
7f028808e000-7f02880ad000 r--s 001db000 08:06 937414                     /home/zapbuild/.gradle/wrapper/dists/gradle-5.6.4-all/ankdp27end7byghfw1q2sw75f/gradle-5.6.4/lib/ant-1.9.14.jar
7f02880ad000-7f02880eb000 r--s 0020d000 08:06 933037                     /home/zapbuild/.gradle/wrapper/dists/gradle-5.6.4-all/ankdp27end7byghfw1q2sw75f/gradle-5.6.4/lib/gradle-core-5.6.4.jar
7f02880eb000-7f02880f9000 r--s 00043000 08:06 937382                     /home/zapbuild/.gradle/wrapper/dists/gradle-5.6.4-all/ankdp27end7byghfw1q2sw75f/gradle-5.6.4/lib/gradle-core-api-5.6.4.jar
7f02880f9000-7f0289000000 rw-p 00000000 00:00 0 
7f0289000000-7f0289560000 rwxp 00000000 00:00 0 
7f0289560000-7f0298000000 ---p 00000000 00:00 0 
7f0298000000-7f02991fd000 rw-p 00000000 00:00 0 
7f02991fd000-7f029c000000 ---p 00000000 00:00 0 
7f029c000000-7f029c002000 r--s 00003000 08:06 937399                     /home/zapbuild/.gradle/wrapper/dists/gradle-5.6.4-all/ankdp27end7byghfw1q2sw75f/gradle-5.6.4/lib/gradle-hashing-5.6.4.jar
7f029c002000-7f029c004000 r--s 00003000 08:06 937424                     /home/zapbuild/.gradle/wrapper/dists/gradle-5.6.4-all/ankdp27end7byghfw1q2sw75f/gradle-5.6.4/lib/jsr305-3.0.2.jar
7f029c004000-7f029c008000 r--s 00031000 08:06 937408                     /home/zapbuild/.gradle/wrapper/dists/gradle-5.6.4-all/ankdp27end7byghfw1q2sw75f/gradle-5.6.4/lib/commons-io-2.6.jar
7f029c008000-7f029c015000 r--s 00064000 08:06 937392                     /home/zapbuild/.gradle/wrapper/dists/gradle-5.6.4-all/ankdp27end7byghfw1q2sw75f/gradle-5.6.4/lib/gradle-base-services-5.6.4.jar
7f029c015000-7f029c02c000 r-xp 00000000 08:06 689844                     /opt/android-studio/jre/jre/lib/amd64/libnet.so
7f029c02c000-7f029c02d000 r--p 00016000 08:06 689844                     /opt/android-studio/jre/jre/lib/amd64/libnet.so
7f029c02d000-7f029c02e000 rw-p 00017000 08:06 689844                     /opt/android-studio/jre/jre/lib/amd64/libnet.so
7f029c02e000-7f029c03e000 r-xp 00000000 08:06 689865                     /opt/android-studio/jre/jre/lib/amd64/libnio.so
7f029c03e000-7f029c03f000 ---p 00010000 08:06 689865                     /opt/android-studio/jre/jre/lib/amd64/libnio.so
7f029c03f000-7f029c040000 r--p 00010000 08:06 689865                     /opt/android-studio/jre/jre/lib/amd64/libnio.so
7f029c040000-7f029c041000 rw-p 00011000 08:06 689865                     /opt/android-studio/jre/jre/lib/amd64/libnio.so
7f029c041000-7f029c517000 rw-p 00000000 00:00 0 
7f029c517000-7f029c6ea000 r--s 03cdf000 08:06 689881                     /opt/android-studio/jre/jre/lib/rt.jar
7f029c6ea000-7f029cabb000 rw-p 00000000 00:00 0 
7f029cabb000-7f029cabc000 ---p 00000000 00:00 0 
7f029cabc000-7f029cbbc000 rw-p 00000000 00:00 0 
7f029cbbc000-7f029cbbd000 ---p 00000000 00:00 0 
7f029cbbd000-7f029ccbd000 rw-p 00000000 00:00 0 
7f029ccbd000-7f029ccbe000 ---p 00000000 00:00 0 
7f029ccbe000-7f029cdbe000 rw-p 00000000 00:00 0 
7f029cdbe000-7f029cdbf000 ---p 00000000 00:00 0 
7f029cdbf000-7f029cee9000 rw-p 00000000 00:00 0 
7f029cee9000-7f029d0bf000 ---p 00000000 00:00 0 
7f029d0bf000-7f029d0e9000 rw-p 00000000 00:00 0 
7f029d0e9000-7f029d2bf000 ---p 00000000 00:00 0 
7f029d2bf000-7f029d302000 rw-p 00000000 00:00 0 
7f029d302000-7f029d3bf000 ---p 00000000 00:00 0 
7f029d3bf000-7f029d3d6000 rw-p 00000000 00:00 0 
7f029d3d6000-7f029d780000 ---p 00000000 00:00 0 
7f029d780000-7f029d78b000 r-xp 00000000 08:06 262354                     /lib/x86_64-linux-gnu/libnss_files-2.23.so
7f029d78b000-7f029d98a000 ---p 0000b000 08:06 262354                     /lib/x86_64-linux-gnu/libnss_files-2.23.so
7f029d98a000-7f029d98b000 r--p 0000a000 08:06 262354                     /lib/x86_64-linux-gnu/libnss_files-2.23.so
7f029d98b000-7f029d98c000 rw-p 0000b000 08:06 262354                     /lib/x86_64-linux-gnu/libnss_files-2.23.so
7f029d98c000-7f029d992000 rw-p 00000000 00:00 0 
7f029d992000-7f029d99d000 r-xp 00000000 08:06 262358                     /lib/x86_64-linux-gnu/libnss_nis-2.23.so
7f029d99d000-7f029db9c000 ---p 0000b000 08:06 262358                     /lib/x86_64-linux-gnu/libnss_nis-2.23.so
7f029db9c000-7f029db9d000 r--p 0000a000 08:06 262358                     /lib/x86_64-linux-gnu/libnss_nis-2.23.so
7f029db9d000-7f029db9e000 rw-p 0000b000 08:06 262358                     /lib/x86_64-linux-gnu/libnss_nis-2.23.so
7f029db9e000-7f029dbb4000 r-xp 00000000 08:06 262344                     /lib/x86_64-linux-gnu/libnsl-2.23.so
7f029dbb4000-7f029ddb3000 ---p 00016000 08:06 262344                     /lib/x86_64-linux-gnu/libnsl-2.23.so
7f029ddb3000-7f029ddb4000 r--p 00015000 08:06 262344                     /lib/x86_64-linux-gnu/libnsl-2.23.so
7f029ddb4000-7f029ddb5000 rw-p 00016000 08:06 262344                     /lib/x86_64-linux-gnu/libnsl-2.23.so
7f029ddb5000-7f029ddb7000 rw-p 00000000 00:00 0 
7f029ddb7000-7f029ddbf000 r-xp 00000000 08:06 262356                     /lib/x86_64-linux-gnu/libnss_compat-2.23.so
7f029ddbf000-7f029dfbe000 ---p 00008000 08:06 262356                     /lib/x86_64-linux-gnu/libnss_compat-2.23.so
7f029dfbe000-7f029dfbf000 r--p 00007000 08:06 262356                     /lib/x86_64-linux-gnu/libnss_compat-2.23.so
7f029dfbf000-7f029dfc0000 rw-p 00008000 08:06 262356                     /lib/x86_64-linux-gnu/libnss_compat-2.23.so
7f029dfc0000-7f029dfc7000 r-xp 00000000 08:06 262361                     /lib/x86_64-linux-gnu/librt-2.23.so
7f029dfc7000-7f029e1c6000 ---p 00007000 08:06 262361                     /lib/x86_64-linux-gnu/librt-2.23.so
7f029e1c6000-7f029e1c7000 r--p 00006000 08:06 262361                     /lib/x86_64-linux-gnu/librt-2.23.so
7f029e1c7000-7f029e1c8000 rw-p 00007000 08:06 262361                     /lib/x86_64-linux-gnu/librt-2.23.so
7f029e1c8000-7f029e2d0000 r-xp 00000000 08:06 262345                     /lib/x86_64-linux-gnu/libm-2.23.so
7f029e2d0000-7f029e4cf000 ---p 00108000 08:06 262345                     /lib/x86_64-linux-gnu/libm-2.23.so
7f029e4cf000-7f029e4d0000 r--p 00107000 08:06 262345                     /lib/x86_64-linux-gnu/libm-2.23.so
7f029e4d0000-7f029e4d1000 rw-p 00108000 08:06 262345                     /lib/x86_64-linux-gnu/libm-2.23.so
7f029e4d1000-7f029f100000 r-xp 00000000 08:06 689858                     /opt/android-studio/jre/jre/lib/amd64/server/libjvm.so
7f029f100000-7f029f1a8000 r--p 00c2e000 08:06 689858                     /opt/android-studio/jre/jre/lib/amd64/server/libjvm.so
7f029f1a8000-7f029f1d1000 rw-p 00cd6000 08:06 689858                     /opt/android-studio/jre/jre/lib/amd64/server/libjvm.so
7f029f1d1000-7f029f215000 rw-p 00000000 00:00 0 
7f029f215000-7f029f3d5000 r-xp 00000000 08:06 262341                     /lib/x86_64-linux-gnu/libc-2.23.so
7f029f3d5000-7f029f5d5000 ---p 001c0000 08:06 262341                     /lib/x86_64-linux-gnu/libc-2.23.so
7f029f5d5000-7f029f5d9000 r--p 001c0000 08:06 262341                     /lib/x86_64-linux-gnu/libc-2.23.so
7f029f5d9000-7f029f5db000 rw-p 001c4000 08:06 262341                     /lib/x86_64-linux-gnu/libc-2.23.so
7f029f5db000-7f029f5df000 rw-p 00000000 00:00 0 
7f029f5df000-7f029f5e2000 r-xp 00000000 08:06 262339                     /lib/x86_64-linux-gnu/libdl-2.23.so
7f029f5e2000-7f029f7e1000 ---p 00003000 08:06 262339                     /lib/x86_64-linux-gnu/libdl-2.23.so
7f029f7e1000-7f029f7e2000 r--p 00002000 08:06 262339                     /lib/x86_64-linux-gnu/libdl-2.23.so
7f029f7e2000-7f029f7e3000 rw-p 00003000 08:06 262339                     /lib/x86_64-linux-gnu/libdl-2.23.so
7f029f7e3000-7f029f7fb000 r-xp 00000000 08:06 262342                     /lib/x86_64-linux-gnu/libpthread-2.23.so
7f029f7fb000-7f029f9fa000 ---p 00018000 08:06 262342                     /lib/x86_64-linux-gnu/libpthread-2.23.so
7f029f9fa000-7f029f9fb000 r--p 00017000 08:06 262342                     /lib/x86_64-linux-gnu/libpthread-2.23.so
7f029f9fb000-7f029f9fc000 rw-p 00018000 08:06 262342                     /lib/x86_64-linux-gnu/libpthread-2.23.so
7f029f9fc000-7f029fa00000 rw-p 00000000 00:00 0 
7f029fa00000-7f029fa26000 r-xp 00000000 08:06 262352                     /lib/x86_64-linux-gnu/ld-2.23.so
7f029fa26000-7f029fa27000 r--s 00003000 08:06 937393                     /home/zapbuild/.gradle/wrapper/dists/gradle-5.6.4-all/ankdp27end7byghfw1q2sw75f/gradle-5.6.4/lib/gradle-build-option-5.6.4.jar
7f029fa27000-7f029fa29000 r--s 00000000 08:06 937437                     /home/zapbuild/.gradle/wrapper/dists/gradle-5.6.4-all/ankdp27end7byghfw1q2sw75f/gradle-5.6.4/lib/failureaccess-1.0.1.jar
7f029fa29000-7f029fa2b000 r--s 0001b000 08:06 937413                     /home/zapbuild/.gradle/wrapper/dists/gradle-5.6.4-all/ankdp27end7byghfw1q2sw75f/gradle-5.6.4/lib/asm-7.1.jar
7f029fa2b000-7f029fa2d000 r--s 00009000 08:06 937406                     /home/zapbuild/.gradle/wrapper/dists/gradle-5.6.4-all/ankdp27end7byghfw1q2sw75f/gradle-5.6.4/lib/slf4j-api-1.7.25.jar
7f029fa2d000-7f029fa3a000 r--s 0006c000 08:06 932945                     /home/zapbuild/.gradle/wrapper/dists/gradle-5.6.4-all/ankdp27end7byghfw1q2sw75f/gradle-5.6.4/lib/gradle-launcher-5.6.4.jar
7f029fa3a000-7f029faa1000 rw-p 00000000 00:00 0 
7f029faa1000-7f029fabc000 r-xp 00000000 08:06 689840                     /opt/android-studio/jre/jre/lib/amd64/libzip.so
7f029fabc000-7f029fabd000 r--p 0001a000 08:06 689840                     /opt/android-studio/jre/jre/lib/amd64/libzip.so
7f029fabd000-7f029fabe000 rw-p 0001b000 08:06 689840                     /opt/android-studio/jre/jre/lib/amd64/libzip.so
7f029fabe000-7f029fac6000 rw-s 00000000 08:06 3017352                    /tmp/hsperfdata_zapbuild/9962
7f029fac6000-7f029faee000 r-xp 00000000 08:06 689848                     /opt/android-studio/jre/jre/lib/amd64/libjava.so
7f029faee000-7f029faef000 r--p 00027000 08:06 689848                     /opt/android-studio/jre/jre/lib/amd64/libjava.so
7f029faef000-7f029faf1000 rw-p 00028000 08:06 689848                     /opt/android-studio/jre/jre/lib/amd64/libjava.so
7f029faf1000-7f029faf4000 ---p 00000000 00:00 0 
7f029faf4000-7f029fbf6000 rw-p 00000000 00:00 0 
7f029fbf6000-7f029fc0c000 r-xp 00000000 08:06 689739                     /opt/android-studio/jre/lib/amd64/jli/libjli.so
7f029fc0c000-7f029fc0d000 r--p 00015000 08:06 689739                     /opt/android-studio/jre/lib/amd64/jli/libjli.so
7f029fc0d000-7f029fc0e000 rw-p 00016000 08:06 689739                     /opt/android-studio/jre/lib/amd64/jli/libjli.so
7f029fc0e000-7f029fc0f000 rw-p 00000000 00:00 0 
7f029fc0f000-7f029fc10000 r--s 00000000 08:06 937400                     /home/zapbuild/.gradle/wrapper/dists/gradle-5.6.4-all/ankdp27end7byghfw1q2sw75f/gradle-5.6.4/lib/gradle-pineapple-5.6.4.jar
7f029fc10000-7f029fc11000 r--s 00004000 08:06 937434                     /home/zapbuild/.gradle/wrapper/dists/gradle-5.6.4-all/ankdp27end7byghfw1q2sw75f/gradle-5.6.4/lib/ant-launcher-1.9.14.jar
7f029fc11000-7f029fc13000 r--s 00001000 08:06 933029                     /home/zapbuild/.gradle/wrapper/dists/gradle-5.6.4-all/ankdp27end7byghfw1q2sw75f/gradle-5.6.4/lib/gradle-bootstrap-5.6.4.jar
7f029fc13000-7f029fc14000 rw-p 00000000 00:00 0 
7f029fc14000-7f029fc15000 ---p 00000000 00:00 0 
7f029fc15000-7f029fc22000 r-xp 00000000 08:06 689836                     /opt/android-studio/jre/jre/lib/amd64/libverify.so
7f029fc22000-7f029fc24000 r--p 0000c000 08:06 689836                     /opt/android-studio/jre/jre/lib/amd64/libverify.so
7f029fc24000-7f029fc25000 rw-p 0000e000 08:06 689836                     /opt/android-studio/jre/jre/lib/amd64/libverify.so
7f029fc25000-7f029fc26000 r--p 00025000 08:06 262352                     /lib/x86_64-linux-gnu/ld-2.23.so
7f029fc26000-7f029fc27000 rw-p 00026000 08:06 262352                     /lib/x86_64-linux-gnu/ld-2.23.so
7f029fc27000-7f029fc28000 rw-p 00000000 00:00 0 
7ffc97980000-7ffc979a1000 rw-p 00000000 00:00 0                          [stack]
7ffc979eb000-7ffc979ee000 r--p 00000000 00:00 0                          [vvar]
7ffc979ee000-7ffc979f0000 r-xp 00000000 00:00 0                          [vdso]
ffffffffff600000-ffffffffff601000 r-xp 00000000 00:00 0                  [vsyscall]

VM Arguments:
jvm_args: -Xmx1536m -Dfile.encoding=UTF-8 -Duser.country=IN -Duser.language=en -Duser.variant 
java_command: org.gradle.launcher.daemon.bootstrap.GradleDaemon 5.6.4
java_class_path (initial): /home/zapbuild/.gradle/wrapper/dists/gradle-5.6.4-all/ankdp27end7byghfw1q2sw75f/gradle-5.6.4/lib/gradle-launcher-5.6.4.jar
Launcher Type: SUN_STANDARD

Environment Variables:
PATH=/home/zapbuild/bin:/home/zapbuild/.local/bin:/usr/local/sbin:/usr/local/bin:/usr/sbin:/usr/bin:/sbin:/bin:/usr/games:/usr/local/games:/snap/bin
SHELL=/bin/bash
DISPLAY=:0

Signal Handlers:
SIGSEGV: [libjvm.so+0xa13c80], sa_mask[0]=11111111011111111101111111111110, sa_flags=SA_RESTART|SA_SIGINFO
SIGBUS: [libjvm.so+0xa13c80], sa_mask[0]=11111111011111111101111111111110, sa_flags=SA_RESTART|SA_SIGINFO
SIGFPE: [libjvm.so+0x874670], sa_mask[0]=11111111011111111101111111111110, sa_flags=SA_RESTART|SA_SIGINFO
SIGPIPE: [libjvm.so+0x874670], sa_mask[0]=11111111011111111101111111111110, sa_flags=SA_RESTART|SA_SIGINFO
SIGXFSZ: [libjvm.so+0x874670], sa_mask[0]=11111111011111111101111111111110, sa_flags=SA_RESTART|SA_SIGINFO
SIGILL: [libjvm.so+0x874670], sa_mask[0]=11111111011111111101111111111110, sa_flags=SA_RESTART|SA_SIGINFO
SIGUSR1: SIG_DFL, sa_mask[0]=00000000000000000000000000000000, sa_flags=none
SIGUSR2: [libjvm.so+0x874540], sa_mask[0]=00100000000000000000000000000000, sa_flags=SA_RESTART|SA_SIGINFO
SIGHUP: [libjvm.so+0x874730], sa_mask[0]=11111111011111111101111111111110, sa_flags=SA_RESTART|SA_SIGINFO
SIGINT: [libjvm.so+0x874730], sa_mask[0]=11111111011111111101111111111110, sa_flags=SA_RESTART|SA_SIGINFO
SIGTERM: [libjvm.so+0x874730], sa_mask[0]=11111111011111111101111111111110, sa_flags=SA_RESTART|SA_SIGINFO
SIGQUIT: [libjvm.so+0x874730], sa_mask[0]=11111111011111111101111111111110, sa_flags=SA_RESTART|SA_SIGINFO


---------------  S Y S T E M  ---------------

OS:DISTRIB_ID=Ubuntu
DISTRIB_RELEASE=16.04
DISTRIB_CODENAME=xenial
DISTRIB_DESCRIPTION="Ubuntu 16.04.6 LTS"

uname:Linux 4.15.0-112-generic #113~16.04.1-Ubuntu SMP Fri Jul 10 04:37:08 UTC 2020 x86_64
libc:glibc 2.23 NPTL 2.23 
rlimit: STACK 8192k, CORE 0k, NPROC 31203, NOFILE 1048576, AS infinity
load average:7.24 16.12 9.85

/proc/meminfo:
MemTotal:        8083468 kB
MemFree:          137988 kB
MemAvailable:      71492 kB
Buffers:            8524 kB
Cached:           816832 kB
SwapCached:            0 kB
Active:          6896144 kB
Inactive:         774088 kB
Active(anon):    6846668 kB
Inactive(anon):   728996 kB
Active(file):      49476 kB
Inactive(file):    45092 kB
Unevictable:          96 kB
Mlocked:              96 kB
SwapTotal:             0 kB
SwapFree:              0 kB
Dirty:               208 kB
Writeback:             0 kB
AnonPages:       6845108 kB
Mapped:           247856 kB
Shmem:            730740 kB
Slab:             114476 kB
SReclaimable:      52188 kB
SUnreclaim:        62288 kB
KernelStack:       13168 kB
PageTables:        71992 kB
NFS_Unstable:          0 kB
Bounce:                0 kB
WritebackTmp:          0 kB
CommitLimit:     4041732 kB
Committed_AS:   13429368 kB
VmallocTotal:   34359738367 kB
VmallocUsed:           0 kB
VmallocChunk:          0 kB
HardwareCorrupted:     0 kB
AnonHugePages:         0 kB
ShmemHugePages:        0 kB
ShmemPmdMapped:        0 kB
CmaTotal:              0 kB
CmaFree:               0 kB
HugePages_Total:       0
HugePages_Free:        0
HugePages_Rsvd:        0
HugePages_Surp:        0
Hugepagesize:       2048 kB
DirectMap4k:      349492 kB
DirectMap2M:     7954432 kB
DirectMap1G:           0 kB

container (cgroup) information:
container_type: cgroupv1
cpu_cpuset_cpus: 0-3
cpu_memory_nodes: 0
active_processor_count: 4
cpu_quota: -1
cpu_period: 100000
cpu_shares: -1
memory_limit_in_bytes: -1
memory_and_swap_limit_in_bytes: -2
memory_soft_limit_in_bytes: -1
memory_usage_in_bytes: 7854731264
memory_max_usage_in_bytes: 0


CPU:total 4 (initial active 4) (2 cores per cpu, 2 threads per core) family 6 model 78 stepping 3, cmov, cx8, fxsr, mmx, sse, sse2, sse3, ssse3, sse4.1, sse4.2, popcnt, avx, avx2, aes, clmul, erms, 3dnowpref, lzcnt, ht, tsc, tscinvbit, bmi1, bmi2, adx

/proc/cpuinfo:
processor	: 0
vendor_id	: GenuineIntel
cpu family	: 6
model		: 78
model name	: Intel(R) Core(TM) i3-6006U CPU @ 2.00GHz
stepping	: 3
microcode	: 0xd6
cpu MHz		: 1100.011
cache size	: 3072 KB
physical id	: 0
siblings	: 4
core id		: 0
cpu cores	: 2
apicid		: 0
initial apicid	: 0
fpu		: yes
fpu_exception	: yes
cpuid level	: 22
wp		: yes
flags		: fpu vme de pse tsc msr pae mce cx8 apic sep mtrr pge mca cmov pat pse36 clflush dts acpi mmx fxsr sse sse2 ss ht tm pbe syscall nx pdpe1gb rdtscp lm constant_tsc art arch_perfmon pebs bts rep_good nopl xtopology nonstop_tsc cpuid aperfmperf pni pclmulqdq dtes64 monitor ds_cpl vmx est tm2 ssse3 sdbg fma cx16 xtpr pdcm pcid sse4_1 sse4_2 x2apic movbe popcnt tsc_deadline_timer aes xsave avx f16c rdrand lahf_lm abm 3dnowprefetch cpuid_fault epb invpcid_single pti ssbd ibrs ibpb stibp tpr_shadow vnmi flexpriority ept vpid fsgsbase tsc_adjust bmi1 avx2 smep bmi2 erms invpcid mpx rdseed adx smap clflushopt intel_pt xsaveopt xsavec xgetbv1 xsaves dtherm arat pln pts hwp hwp_notify hwp_act_window hwp_epp md_clear flush_l1d
bugs		: cpu_meltdown spectre_v1 spectre_v2 spec_store_bypass l1tf mds swapgs itlb_multihit srbds
bogomips	: 3999.93
clflush size	: 64
cache_alignment	: 64
address sizes	: 39 bits physical, 48 bits virtual
power management:

processor	: 1
vendor_id	: GenuineIntel
cpu family	: 6
model		: 78
model name	: Intel(R) Core(TM) i3-6006U CPU @ 2.00GHz
stepping	: 3
microcode	: 0xd6
cpu MHz		: 1100.035
cache size	: 3072 KB
physical id	: 0
siblings	: 4
core id		: 1
cpu cores	: 2
apicid		: 2
initial apicid	: 2
fpu		: yes
fpu_exception	: yes
cpuid level	: 22
wp		: yes
flags		: fpu vme de pse tsc msr pae mce cx8 apic sep mtrr pge mca cmov pat pse36 clflush dts acpi mmx fxsr sse sse2 ss ht tm pbe syscall nx pdpe1gb rdtscp lm constant_tsc art arch_perfmon pebs bts rep_good nopl xtopology nonstop_tsc cpuid aperfmperf pni pclmulqdq dtes64 monitor ds_cpl vmx est tm2 ssse3 sdbg fma cx16 xtpr pdcm pcid sse4_1 sse4_2 x2apic movbe popcnt tsc_deadline_timer aes xsave avx f16c rdrand lahf_lm abm 3dnowprefetch cpuid_fault epb invpcid_single pti ssbd ibrs ibpb stibp tpr_shadow vnmi flexpriority ept vpid fsgsbase tsc_adjust bmi1 avx2 smep bmi2 erms invpcid mpx rdseed adx smap clflushopt intel_pt xsaveopt xsavec xgetbv1 xsaves dtherm arat pln pts hwp hwp_notify hwp_act_window hwp_epp md_clear flush_l1d
bugs		: cpu_meltdown spectre_v1 spectre_v2 spec_store_bypass l1tf mds swapgs itlb_multihit srbds
bogomips	: 3999.93
clflush size	: 64
cache_alignment	: 64
address sizes	: 39 bits physical, 48 bits virtual
power management:

processor	: 2
vendor_id	: GenuineIntel
cpu family	: 6
model		: 78
model name	: Intel(R) Core(TM) i3-6006U CPU @ 2.00GHz
stepping	: 3
microcode	: 0xd6
cpu MHz		: 1074.153
cache size	: 3072 KB
physical id	: 0
siblings	: 4
core id		: 0
cpu cores	: 2
apicid		: 1
initial apicid	: 1
fpu		: yes
fpu_exception	: yes
cpuid level	: 22
wp		: yes
flags		: fpu vme de pse tsc msr pae mce cx8 apic sep mtrr pge mca cmov pat pse36 clflush dts acpi mmx fxsr sse sse2 ss ht tm pbe syscall nx pdpe1gb rdtscp lm constant_tsc art arch_perfmon pebs bts rep_good nopl xtopology nonstop_tsc cpuid aperfmperf pni pclmulqdq dtes64 monitor ds_cpl vmx est tm2 ssse3 sdbg fma cx16 xtpr pdcm pcid sse4_1 sse4_2 x2apic movbe popcnt tsc_deadline_timer aes xsave avx f16c rdrand lahf_lm abm 3dnowprefetch cpuid_fault epb invpcid_single pti ssbd ibrs ibpb stibp tpr_shadow vnmi flexpriority ept vpid fsgsbase tsc_adjust bmi1 avx2 smep bmi2 erms invpcid mpx rdseed adx smap clflushopt intel_pt xsaveopt xsavec xgetbv1 xsaves dtherm arat pln pts hwp hwp_notify hwp_act_window hwp_epp md_clear flush_l1d
bugs		: cpu_meltdown spectre_v1 spectre_v2 spec_store_bypass l1tf mds swapgs itlb_multihit srbds
bogomips	: 3999.93
clflush size	: 64
cache_alignment	: 64
address sizes	: 39 bits physical, 48 bits virtual
power management:

processor	: 3
vendor_id	: GenuineIntel
cpu family	: 6
model		: 78
model name	: Intel(R) Core(TM) i3-6006U CPU @ 2.00GHz
stepping	: 3
microcode	: 0xd6
cpu MHz		: 1100.013
cache size	: 3072 KB
physical id	: 0
siblings	: 4
core id		: 1
cpu cores	: 2
apicid		: 3
initial apicid	: 3
fpu		: yes
fpu_exception	: yes
cpuid level	: 22
wp		: yes
flags		: fpu vme de pse tsc msr pae mce cx8 apic sep mtrr pge mca cmov pat pse36 clflush dts acpi mmx fxsr sse sse2 ss ht tm pbe syscall nx pdpe1gb rdtscp lm constant_tsc art arch_perfmon pebs bts rep_good nopl xtopology nonstop_tsc cpuid aperfmperf pni pclmulqdq dtes64 monitor ds_cpl vmx est tm2 ssse3 sdbg fma cx16 xtpr pdcm pcid sse4_1 sse4_2 x2apic movbe popcnt tsc_deadline_timer aes xsave avx f16c rdrand lahf_lm abm 3dnowprefetch cpuid_fault epb invpcid_single pti ssbd ibrs ibpb stibp tpr_shadow vnmi flexpriority ept vpid fsgsbase tsc_adjust bmi1 avx2 smep bmi2 erms invpcid mpx rdseed adx smap clflushopt intel_pt xsaveopt xsavec xgetbv1 xsaves dtherm arat pln pts hwp hwp_notify hwp_act_window hwp_epp md_clear flush_l1d
bugs		: cpu_meltdown spectre_v1 spectre_v2 spec_store_bypass l1tf mds swapgs itlb_multihit srbds
bogomips	: 3999.93
clflush size	: 64
cache_alignment	: 64
address sizes	: 39 bits physical, 48 bits virtual
power management:



Memory: 4k page, physical 8083468k(137988k free), swap 0k(0k free)

vm_info: OpenJDK 64-Bit Server VM (25.242-b3-6222593) for linux-amd64 JRE (1.8.0_242-release-1644-b3-6222593), built by "android-build" with gcc 4.8

time: Wed Sep 16 14:30:58 2020
timezone: IST
elapsed time: 23 seconds (0d 0h 0m 23s)

